[0.496s] Invoking command in '/home/andrea/dev_ws/build/my_bot': CMAKE_PREFIX_PATH=${CMAKE_PREFIX_PATH}:/opt/ros/humble /usr/bin/cmake --build /home/andrea/dev_ws/build/my_bot -- -j4 -l4
[0.674s] Invoked command in '/home/andrea/dev_ws/build/my_bot' returned '0': CMAKE_PREFIX_PATH=${CMAKE_PREFIX_PATH}:/opt/ros/humble /usr/bin/cmake --build /home/andrea/dev_ws/build/my_bot -- -j4 -l4
[0.858s] Invoking command in '/home/andrea/dev_ws/build/my_bot': CMAKE_PREFIX_PATH=${CMAKE_PREFIX_PATH}:/opt/ros/humble /usr/bin/cmake --install /home/andrea/dev_ws/build/my_bot
[0.890s] -- Install configuration: ""
[0.892s] -- Execute custom install script
[0.893s] -- Up-to-date symlink: /home/andrea/dev_ws/install/my_bot/share/my_bot/config/empty.yaml
[0.895s] -- Up-to-date symlink: /home/andrea/dev_ws/install/my_bot/share/my_bot/description/robot.urdf.xacro
[0.895s] -- Up-to-date symlink: /home/andrea/dev_ws/install/my_bot/share/my_bot/description/robot_core.xacro
[0.897s] -- Up-to-date symlink: /home/andrea/dev_ws/install/my_bot/share/my_bot/launch/rsp.launch.py
[0.898s] -- Up-to-date symlink: /home/andrea/dev_ws/install/my_bot/share/my_bot/worlds/empty.world
[0.900s] -- Up-to-date symlink: /home/andrea/dev_ws/install/my_bot/share/ament_index/resource_index/package_run_dependencies/my_bot
[0.903s] -- Up-to-date symlink: /home/andrea/dev_ws/install/my_bot/share/ament_index/resource_index/parent_prefix_path/my_bot
[0.907s] -- Up-to-date symlink: /home/andrea/dev_ws/install/my_bot/share/my_bot/environment/ament_prefix_path.sh
[0.908s] -- Up-to-date symlink: /home/andrea/dev_ws/install/my_bot/share/my_bot/environment/ament_prefix_path.dsv
[0.909s] -- Up-to-date symlink: /home/andrea/dev_ws/install/my_bot/share/my_bot/environment/path.sh
[0.910s] -- Up-to-date symlink: /home/andrea/dev_ws/install/my_bot/share/my_bot/environment/path.dsv
[0.910s] -- Up-to-date symlink: /home/andrea/dev_ws/install/my_bot/share/my_bot/local_setup.bash
[0.911s] -- Up-to-date symlink: /home/andrea/dev_ws/install/my_bot/share/my_bot/local_setup.sh
[0.912s] -- Up-to-date symlink: /home/andrea/dev_ws/install/my_bot/share/my_bot/local_setup.zsh
[0.917s] -- Up-to-date symlink: /home/andrea/dev_ws/install/my_bot/share/my_bot/local_setup.dsv
[0.917s] -- Symlinking: /home/andrea/dev_ws/install/my_bot/share/my_bot/package.dsv
[0.956s] -- Up-to-date symlink: /home/andrea/dev_ws/install/my_bot/share/ament_index/resource_index/packages/my_bot
[0.956s] -- Up-to-date symlink: /home/andrea/dev_ws/install/my_bot/share/my_bot/cmake/my_botConfig.cmake
[0.957s] -- Up-to-date symlink: /home/andrea/dev_ws/install/my_bot/share/my_bot/cmake/my_botConfig-version.cmake
[0.958s] -- Up-to-date symlink: /home/andrea/dev_ws/install/my_bot/share/my_bot/package.xml
[0.968s] Invoked command in '/home/andrea/dev_ws/build/my_bot' returned '0': CMAKE_PREFIX_PATH=${CMAKE_PREFIX_PATH}:/opt/ros/humble /usr/bin/cmake --install /home/andrea/dev_ws/build/my_bot
