-- The C compiler identification is GNU 11.4.0
-- The CXX compiler identification is GNU 11.4.0
-- Detecting C compiler ABI info
-- Detecting C compiler ABI info - done
-- Check for working C compiler: /usr/bin/cc - skipped
-- Detecting C compile features
-- Detecting C compile features - done
-- Detecting CXX compiler ABI info
-- Detecting CXX compiler ABI info - done
-- Check for working CXX compiler: /usr/bin/c++ - skipped
-- Detecting CXX compile features
-- Detecting CXX compile features - done
-- Gazebo version 11.14.0
-- Found CPack generators: DEB
-- Could NOT find Doxygen (missing: DOXYGEN_EXECUTABLE) 
-- High memory tests: enabled
-- 

====== Finding 3rd Party Packages ======
-- Operating system is Linux
-- Found PkgConfig: /usr/bin/pkg-config (found version "0.29.2") 
-- Checking for module 'freeimage>=3.9.0'
--   No package 'freeimage' found
--   freeimage.pc not found, trying freeimage_include_dir and freeimage_library_dir flags.
--   Looking for FreeImage.h - not found
-- 	Missing: Unable to find FreeImage.h
--   Looking for libfreeimage - not found
-- 	Missing: Unable to find libfreeimage
-- Found Protobuf: /usr/lib/aarch64-linux-gnu/libprotobuf.so (found version "3.12.4") 
-- Found OpenGL: /usr/lib/aarch64-linux-gnu/libOpenGL.so   
-- Could NOT find OpenAL (missing: OPENAL_LIBRARY OPENAL_INCLUDE_DIR) 
-- 	OpenAL not found, audio support will be disabled.
-- Found HDF5: /usr/lib/aarch64-linux-gnu/hdf5/serial/libhdf5.so;/usr/lib/aarch64-linux-gnu/libcrypto.so;/usr/lib/aarch64-linux-gnu/libcurl.so;/usr/lib/aarch64-linux-gnu/libpthread.a;/usr/lib/aarch64-linux-gnu/libsz.so;/usr/lib/aarch64-linux-gnu/libz.so;/usr/lib/aarch64-linux-gnu/libdl.a;/usr/lib/aarch64-linux-gnu/libm.so;/usr/lib/aarch64-linux-gnu/hdf5/serial/libhdf5_cpp.so;/usr/lib/aarch64-linux-gnu/hdf5/serial/libhdf5.so;/usr/lib/aarch64-linux-gnu/libcrypto.so;/usr/lib/aarch64-linux-gnu/libcurl.so;/usr/lib/aarch64-linux-gnu/libpthread.a;/usr/lib/aarch64-linux-gnu/libsz.so;/usr/lib/aarch64-linux-gnu/libz.so;/usr/lib/aarch64-linux-gnu/libdl.a;/usr/lib/aarch64-linux-gnu/libm.so (found version "1.10.7") found components: C CXX 
-- HDF5 Found
-- Found CURL: /usr/lib/aarch64-linux-gnu/libcurl.so (found version "7.81.0")  
-- Checking for module 'libprofiler'
--   No package 'libprofiler' found
-- Looking for libprofiler - not found
-- Checking for module 'libtcmalloc'
--   No package 'libtcmalloc' found
-- Looking for libtcmalloc - not found
-- Looking for Simbody - not found
-- 	Simbody not found, for simbody physics engine option, please install libsimbody-dev.
-- Found fcl: /usr/include (found suitable version "0.7.0", minimum required is "0.5.0") 
-- Found assimp: /usr/include (found version "5.2.0") 
-- Found DART: /usr/include (Required is at least version "6.6") found components: collision-bullet collision-ode utils-urdf dart 
-- Looking for DART - found
-- Using system tinyxml.
-- Checking for module 'tinyxml'
--   Found tinyxml, version 2.6.2
-- Using system tinyxml2.
-- Checking for module 'tinyxml2'
--   Found tinyxml2, version 9.0.0
-- Looking for libtar.h - not found
-- Looking for libtar.so - not found
-- 	Missing: libtar
-- Checking for module 'tbb'
--   Found tbb, version 2021.5.0
-- Checking for module 'OGRE-RTShaderSystem>=1.7.4'
--   Found OGRE-RTShaderSystem, version 1.9.0
-- Checking for module 'OGRE>=1.7.4'
--   Found OGRE, version 1.9.0
-- Checking for module 'OGRE-Terrain'
--   Found OGRE-Terrain, version 1.9.0
-- Checking for module 'OGRE-Overlay'
--   Found OGRE-Overlay, version 1.9.0
-- Checking for module 'ccd>=1.4'
--   Found ccd, version 2.0
-- Checking for module 'libswscale'
--   Found libswscale, version 5.9.100
-- Checking for module 'libavdevice>=56.4.100'
--   Found libavdevice, version 58.13.100
-- Checking for module 'libavformat'
--   Found libavformat, version 58.76.100
-- Checking for module 'libavcodec'
--   Found libavcodec, version 58.134.100
-- Checking for module 'libavutil'
--   Found libavutil, version 56.70.100
-- Checking for modules 'playercore>=3.0;playerc++;playerwkb'
--   No package 'playercore' found
--   No package 'playerc++' found
--   No package 'playerwkb' found
-- 	Player not found, gazebo plugin for player will not be built.
-- Checking for module 'gts'
--   Found gts, version 0.7.6
-- Looking for GTS - found
-- Checking for module 'bullet>=2.82'
--   Found bullet, version 3.05
-- Bullet found: 3.05
-- Checking for module 'libusb-1.0'
--   Found libusb-1.0, version 1.0.25
-- Looking for libusb-1.0 - found. USB peripherals support enabled.
-- Checking for module 'OculusVR'
--   No package 'OculusVR' found
-- 	Oculus Rift support will be disabled.
-- Configuring incomplete, errors occurred!
See also "/home/andrea/dev_ws/build/Gazebo/CMakeFiles/CMakeOutput.log".
