-- The C compiler identification is GNU 11.4.0
-- The CXX compiler identification is GNU 11.4.0
-- Detecting C compiler ABI info
-- Detecting C compiler ABI info - done
-- Check for working C compiler: /usr/bin/cc - skipped
-- Detecting C compile features
-- Detecting C compile features - done
-- Detecting CXX compiler ABI info
-- Detecting CXX compiler ABI info - done
-- Check for working CXX compiler: /usr/bin/c++ - skipped
-- Detecting CXX compile features
-- Detecting CXX compile features - done
-- Gazebo version 11.14.0
-- Found CPack generators: DEB
-- Could NOT find Doxygen (missing: DOXYGEN_EXECUTABLE) 
-- High memory tests: enabled
-- 

====== Finding 3rd Party Packages ======
-- Operating system is Linux
-- Found PkgConfig: /usr/bin/pkg-config (found version "0.29.2") 
-- Checking for module 'freeimage>=3.9.0'
--   No package 'freeimage' found
--   freeimage.pc not found, trying freeimage_include_dir and freeimage_library_dir flags.
--   Looking for FreeImage.h - not found
-- 	Missing: Unable to find FreeImage.h
--   Looking for libfreeimage - not found
-- 	Missing: Unable to find libfreeimage
-- Found Protobuf: /usr/lib/aarch64-linux-gnu/libprotobuf.so (found version "3.12.4") 
[33mCMake Warning (dev) at /usr/share/cmake-3.22/Modules/FindOpenGL.cmake:315 (message):
  Policy CMP0072 is not set: FindOpenGL prefers GLVND by default when
  available.  Run "cmake --help-policy CMP0072" for policy details.  Use the
  cmake_policy command to set the policy and suppress this warning.

  FindOpenGL found both a legacy GL library:

    OPENGL_gl_LIBRARY: /usr/lib/aarch64-linux-gnu/libGL.so

  and GLVND libraries for OpenGL and GLX:

    OPENGL_opengl_LIBRARY: /usr/lib/aarch64-linux-gnu/libOpenGL.so
    OPENGL_glx_LIBRARY: /usr/lib/aarch64-linux-gnu/libGLX.so

  OpenGL_GL_PREFERENCE has not been set to "GLVND" or "LEGACY", so for
  compatibility with CMake 3.10 and below the legacy GL library will be used.
Call Stack (most recent call first):
  cmake/SearchForStuff.cmake:74 (include)
  CMakeLists.txt:163 (include)
This warning is for project developers.  Use -Wno-dev to suppress it.
[0m
-- Found OpenGL: /usr/lib/aarch64-linux-gnu/libOpenGL.so   
-- Could NOT find OpenAL (missing: OPENAL_LIBRARY OPENAL_INCLUDE_DIR) 
-- 	OpenAL not found, audio support will be disabled.
-- Found HDF5: /usr/lib/aarch64-linux-gnu/hdf5/serial/libhdf5.so;/usr/lib/aarch64-linux-gnu/libcrypto.so;/usr/lib/aarch64-linux-gnu/libcurl.so;/usr/lib/aarch64-linux-gnu/libpthread.a;/usr/lib/aarch64-linux-gnu/libsz.so;/usr/lib/aarch64-linux-gnu/libz.so;/usr/lib/aarch64-linux-gnu/libdl.a;/usr/lib/aarch64-linux-gnu/libm.so;/usr/lib/aarch64-linux-gnu/hdf5/serial/libhdf5_cpp.so;/usr/lib/aarch64-linux-gnu/hdf5/serial/libhdf5.so;/usr/lib/aarch64-linux-gnu/libcrypto.so;/usr/lib/aarch64-linux-gnu/libcurl.so;/usr/lib/aarch64-linux-gnu/libpthread.a;/usr/lib/aarch64-linux-gnu/libsz.so;/usr/lib/aarch64-linux-gnu/libz.so;/usr/lib/aarch64-linux-gnu/libdl.a;/usr/lib/aarch64-linux-gnu/libm.so (found version "1.10.7") found components: C CXX 
-- HDF5 Found
-- Found CURL: /usr/lib/aarch64-linux-gnu/libcurl.so (found version "7.81.0")  
-- Checking for module 'libprofiler'
--   No package 'libprofiler' found
-- Looking for libprofiler - not found
-- Checking for module 'libtcmalloc'
--   No package 'libtcmalloc' found
-- Looking for libtcmalloc - not found
[33mCMake Warning at cmake/SearchForStuff.cmake:167 (find_package):
  By not providing "FindSimbody.cmake" in CMAKE_MODULE_PATH this project has
  asked CMake to find a package configuration file provided by "Simbody", but
  CMake did not find one.

  Could not find a package configuration file provided by "Simbody" with any
  of the following names:

    SimbodyConfig.cmake
    simbody-config.cmake

  Add the installation prefix of "Simbody" to CMAKE_PREFIX_PATH or set
  "Simbody_DIR" to a directory containing one of the above files.  If
  "Simbody" provides a separate development package or SDK, be sure it has
  been installed.
Call Stack (most recent call first):
  CMakeLists.txt:163 (include)

[0m
-- Looking for Simbody - not found
-- 	Simbody not found, for simbody physics engine option, please install libsimbody-dev.
-- Found fcl: /usr/include (found suitable version "0.7.0", minimum required is "0.5.0") 
-- Found assimp: /usr/include (found version "5.2.0") 
-- Found DART: /usr/include (Required is at least version "6.6") found components: collision-bullet collision-ode utils-urdf dart 
-- Looking for DART - found
-- Using system tinyxml.
-- Checking for module 'tinyxml'
--   Found tinyxml, version 2.6.2
-- Using system tinyxml2.
-- Checking for module 'tinyxml2'
--   Found tinyxml2, version 9.0.0
-- Looking for libtar.h - not found
-- Looking for libtar.so - not found
-- 	Missing: libtar
-- Checking for module 'tbb'
--   Found tbb, version 2021.5.0
-- Checking for module 'OGRE-RTShaderSystem>=1.7.4'
--   Found OGRE-RTShaderSystem, version 1.9.0
-- Checking for module 'OGRE>=1.7.4'
--   Found OGRE, version 1.9.0
-- Checking for module 'OGRE-Terrain'
--   Found OGRE-Terrain, version 1.9.0
-- Checking for module 'OGRE-Overlay'
--   Found OGRE-Overlay, version 1.9.0
-- Checking for module 'ccd>=1.4'
--   Found ccd, version 2.0
-- Checking for module 'libswscale'
--   Found libswscale, version 5.9.100
-- Checking for module 'libavdevice>=56.4.100'
--   Found libavdevice, version 58.13.100
-- Checking for module 'libavformat'
--   Found libavformat, version 58.76.100
-- Checking for module 'libavcodec'
--   Found libavcodec, version 58.134.100
-- Checking for module 'libavutil'
--   Found libavutil, version 56.70.100
-- Checking for modules 'playercore>=3.0;playerc++;playerwkb'
--   No package 'playercore' found
--   No package 'playerc++' found
--   No package 'playerwkb' found
-- 	Player not found, gazebo plugin for player will not be built.
-- Checking for module 'gts'
--   Found gts, version 0.7.6
-- Looking for GTS - found
-- Checking for module 'bullet>=2.82'
--   Found bullet, version 3.05
-- Bullet found: 3.05
-- Checking for module 'libusb-1.0'
--   Found libusb-1.0, version 1.0.25
-- Looking for libusb-1.0 - found. USB peripherals support enabled.
-- Checking for module 'OculusVR'
--   No package 'OculusVR' found
-- 	Oculus Rift support will be disabled.
[31mCMake Error at cmake/SearchForStuff.cmake:648 (find_package):
  By not providing "Findsdformat9.cmake" in CMAKE_MODULE_PATH this project
  has asked CMake to find a package configuration file provided by
  "sdformat9", but CMake did not find one.

  Could not find a package configuration file provided by "sdformat9"
  (requested version 9.8) with any of the following names:

    sdformat9Config.cmake
    sdformat9-config.cmake

  Add the installation prefix of "sdformat9" to CMAKE_PREFIX_PATH or set
  "sdformat9_DIR" to a directory containing one of the above files.  If
  "sdformat9" provides a separate development package or SDK, be sure it has
  been installed.
Call Stack (most recent call first):
  CMakeLists.txt:163 (include)

[0m
-- Configuring incomplete, errors occurred!
See also "/home/andrea/dev_ws/build/Gazebo/CMakeFiles/CMakeOutput.log".
