[6.157s] DEBUG:colcon:Command line arguments: ['/usr/bin/colcon', 'build', '--symlink-install']
[6.157s] DEBUG:colcon:Parsed command line arguments: Namespace(log_base=None, log_level=None, verb_name='build', build_base='build', install_base='install', merge_install=False, symlink_install=True, test_result_base=None, continue_on_error=False, executor='parallel', parallel_workers=4, event_handlers=None, ignore_user_meta=False, metas=['./colcon.meta'], base_paths=['.'], packages_ignore=None, packages_ignore_regex=None, paths=None, packages_up_to=None, packages_up_to_regex=None, packages_above=None, packages_above_and_dependencies=None, packages_above_depth=None, packages_select_by_dep=None, packages_skip_by_dep=None, packages_skip_up_to=None, packages_select_build_failed=False, packages_skip_build_finished=False, packages_select_test_failures=False, packages_skip_test_passed=False, packages_select=None, packages_skip=None, packages_select_regex=None, packages_skip_regex=None, packages_start=None, packages_end=None, allow_overriding=[], cmake_args=None, cmake_target=None, cmake_target_skip_unavailable=False, cmake_clean_cache=False, cmake_clean_first=False, cmake_force_configure=False, ament_cmake_args=None, catkin_cmake_args=None, catkin_skip_building_tests=False, mixin_files=None, mixin=None, verb_parser=<colcon_mixin.mixin.mixin_argument.MixinArgumentDecorator object at 0xffffad5dfac0>, verb_extension=<colcon_core.verb.build.BuildVerb object at 0xffffad5df1f0>, main=<bound method BuildVerb.main of <colcon_core.verb.build.BuildVerb object at 0xffffad5df1f0>>, mixin_verb=('build',))
[6.413s] Level 1:colcon.colcon_core.package_discovery:discover_packages(colcon_meta) check parameters
[6.414s] Level 1:colcon.colcon_core.package_discovery:discover_packages(recursive) check parameters
[6.414s] Level 1:colcon.colcon_core.package_discovery:discover_packages(ignore) check parameters
[6.414s] Level 1:colcon.colcon_core.package_discovery:discover_packages(path) check parameters
[6.414s] Level 1:colcon.colcon_core.package_discovery:discover_packages(colcon_meta) discover
[6.415s] Level 1:colcon.colcon_core.package_discovery:discover_packages(recursive) discover
[6.415s] INFO:colcon.colcon_core.package_discovery:Crawling recursively for packages in '/home/andrea/dev_ws'
[6.415s] Level 1:colcon.colcon_core.package_identification:_identify(.) by extensions ['ignore', 'ignore_ament_install']
[6.416s] Level 1:colcon.colcon_core.package_identification:_identify(.) by extension 'ignore'
[6.416s] Level 1:colcon.colcon_core.package_identification:_identify(.) by extension 'ignore_ament_install'
[6.416s] Level 1:colcon.colcon_core.package_identification:_identify(.) by extensions ['colcon_pkg']
[6.417s] Level 1:colcon.colcon_core.package_identification:_identify(.) by extension 'colcon_pkg'
[6.417s] Level 1:colcon.colcon_core.package_identification:_identify(.) by extensions ['colcon_meta']
[6.417s] Level 1:colcon.colcon_core.package_identification:_identify(.) by extension 'colcon_meta'
[6.417s] Level 1:colcon.colcon_core.package_identification:_identify(.) by extensions ['ros']
[6.417s] Level 1:colcon.colcon_core.package_identification:_identify(.) by extension 'ros'
[6.460s] Level 1:colcon.colcon_core.package_identification:_identify(.) by extensions ['cmake', 'python']
[6.461s] Level 1:colcon.colcon_core.package_identification:_identify(.) by extension 'cmake'
[6.461s] Level 1:colcon.colcon_core.package_identification:_identify(.) by extension 'python'
[6.461s] Level 1:colcon.colcon_core.package_identification:_identify(.) by extensions ['python_setup_py']
[6.461s] Level 1:colcon.colcon_core.package_identification:_identify(.) by extension 'python_setup_py'
[6.462s] Level 1:colcon.colcon_core.package_identification:_identify(build) by extensions ['ignore', 'ignore_ament_install']
[6.462s] Level 1:colcon.colcon_core.package_identification:_identify(build) by extension 'ignore'
[6.462s] Level 1:colcon.colcon_core.package_identification:_identify(build) ignored
[6.463s] Level 1:colcon.colcon_core.package_identification:_identify(install) by extensions ['ignore', 'ignore_ament_install']
[6.463s] Level 1:colcon.colcon_core.package_identification:_identify(install) by extension 'ignore'
[6.464s] Level 1:colcon.colcon_core.package_identification:_identify(install) ignored
[6.464s] Level 1:colcon.colcon_core.package_identification:_identify(log) by extensions ['ignore', 'ignore_ament_install']
[6.465s] Level 1:colcon.colcon_core.package_identification:_identify(log) by extension 'ignore'
[6.465s] Level 1:colcon.colcon_core.package_identification:_identify(log) ignored
[6.465s] Level 1:colcon.colcon_core.package_identification:_identify(src) by extensions ['ignore', 'ignore_ament_install']
[6.466s] Level 1:colcon.colcon_core.package_identification:_identify(src) by extension 'ignore'
[6.466s] Level 1:colcon.colcon_core.package_identification:_identify(src) by extension 'ignore_ament_install'
[6.466s] Level 1:colcon.colcon_core.package_identification:_identify(src) by extensions ['colcon_pkg']
[6.466s] Level 1:colcon.colcon_core.package_identification:_identify(src) by extension 'colcon_pkg'
[6.467s] Level 1:colcon.colcon_core.package_identification:_identify(src) by extensions ['colcon_meta']
[6.467s] Level 1:colcon.colcon_core.package_identification:_identify(src) by extension 'colcon_meta'
[6.467s] Level 1:colcon.colcon_core.package_identification:_identify(src) by extensions ['ros']
[6.467s] Level 1:colcon.colcon_core.package_identification:_identify(src) by extension 'ros'
[6.467s] Level 1:colcon.colcon_core.package_identification:_identify(src) by extensions ['cmake', 'python']
[6.467s] Level 1:colcon.colcon_core.package_identification:_identify(src) by extension 'cmake'
[6.468s] Level 1:colcon.colcon_core.package_identification:_identify(src) by extension 'python'
[6.468s] Level 1:colcon.colcon_core.package_identification:_identify(src) by extensions ['python_setup_py']
[6.468s] Level 1:colcon.colcon_core.package_identification:_identify(src) by extension 'python_setup_py'
[6.469s] Level 1:colcon.colcon_core.package_identification:_identify(src/my_bot) by extensions ['ignore', 'ignore_ament_install']
[6.469s] Level 1:colcon.colcon_core.package_identification:_identify(src/my_bot) by extension 'ignore'
[6.469s] Level 1:colcon.colcon_core.package_identification:_identify(src/my_bot) by extension 'ignore_ament_install'
[6.469s] Level 1:colcon.colcon_core.package_identification:_identify(src/my_bot) by extensions ['colcon_pkg']
[6.469s] Level 1:colcon.colcon_core.package_identification:_identify(src/my_bot) by extension 'colcon_pkg'
[6.470s] Level 1:colcon.colcon_core.package_identification:_identify(src/my_bot) by extensions ['colcon_meta']
[6.470s] Level 1:colcon.colcon_core.package_identification:_identify(src/my_bot) by extension 'colcon_meta'
[6.470s] Level 1:colcon.colcon_core.package_identification:_identify(src/my_bot) by extensions ['ros']
[6.470s] Level 1:colcon.colcon_core.package_identification:_identify(src/my_bot) by extension 'ros'
[6.479s] DEBUG:colcon.colcon_core.package_identification:Package 'src/my_bot' with type 'ros.ament_cmake' and name 'my_bot'
[6.479s] Level 1:colcon.colcon_core.package_discovery:discover_packages(recursive) using defaults
[6.479s] Level 1:colcon.colcon_core.package_discovery:discover_packages(ignore) discover
[6.479s] Level 1:colcon.colcon_core.package_discovery:discover_packages(ignore) using defaults
[6.479s] Level 1:colcon.colcon_core.package_discovery:discover_packages(path) discover
[6.479s] Level 1:colcon.colcon_core.package_discovery:discover_packages(path) using defaults
[7.002s] Level 1:colcon.colcon_core.package_discovery:discover_packages(prefix_path) check parameters
[7.002s] Level 1:colcon.colcon_core.package_discovery:discover_packages(prefix_path) discover
[7.198s] DEBUG:colcon.colcon_installed_package_information.package_discovery:Found 368 installed packages in /opt/ros/humble
[7.206s] Level 1:colcon.colcon_core.package_discovery:discover_packages(prefix_path) using defaults
[7.696s] Level 5:colcon.colcon_core.verb:set package 'my_bot' build argument 'cmake_args' from command line to 'None'
[7.696s] Level 5:colcon.colcon_core.verb:set package 'my_bot' build argument 'cmake_target' from command line to 'None'
[7.696s] Level 5:colcon.colcon_core.verb:set package 'my_bot' build argument 'cmake_target_skip_unavailable' from command line to 'False'
[7.696s] Level 5:colcon.colcon_core.verb:set package 'my_bot' build argument 'cmake_clean_cache' from command line to 'False'
[7.696s] Level 5:colcon.colcon_core.verb:set package 'my_bot' build argument 'cmake_clean_first' from command line to 'False'
[7.696s] Level 5:colcon.colcon_core.verb:set package 'my_bot' build argument 'cmake_force_configure' from command line to 'False'
[7.697s] Level 5:colcon.colcon_core.verb:set package 'my_bot' build argument 'ament_cmake_args' from command line to 'None'
[7.697s] Level 5:colcon.colcon_core.verb:set package 'my_bot' build argument 'catkin_cmake_args' from command line to 'None'
[7.697s] Level 5:colcon.colcon_core.verb:set package 'my_bot' build argument 'catkin_skip_building_tests' from command line to 'False'
[7.697s] DEBUG:colcon.colcon_core.verb:Building package 'my_bot' with the following arguments: {'ament_cmake_args': None, 'build_base': '/home/andrea/dev_ws/build/my_bot', 'catkin_cmake_args': None, 'catkin_skip_building_tests': False, 'cmake_args': None, 'cmake_clean_cache': False, 'cmake_clean_first': False, 'cmake_force_configure': False, 'cmake_target': None, 'cmake_target_skip_unavailable': False, 'install_base': '/home/andrea/dev_ws/install/my_bot', 'merge_install': False, 'path': '/home/andrea/dev_ws/src/my_bot', 'symlink_install': True, 'test_result_base': None}
[7.767s] INFO:colcon.colcon_core.executor:Executing jobs using 'parallel' executor
[7.842s] DEBUG:colcon.colcon_parallel_executor.executor.parallel:run_until_complete
[7.843s] INFO:colcon.colcon_ros.task.ament_cmake.build:Building ROS package in '/home/andrea/dev_ws/src/my_bot' with build type 'ament_cmake'
[7.844s] INFO:colcon.colcon_cmake.task.cmake.build:Building CMake package in '/home/andrea/dev_ws/src/my_bot'
[7.932s] INFO:colcon.colcon_core.plugin_system:Skipping extension 'colcon_core.shell.bat': Not used on non-Windows systems
[7.932s] INFO:colcon.colcon_core.shell:Skip shell extension 'powershell' for command environment: Not usable outside of PowerShell
[7.933s] DEBUG:colcon.colcon_core.shell:Skip shell extension 'dsv' for command environment
[8.143s] DEBUG:colcon.colcon_core.event_handler.log_command:Invoking command in '/home/andrea/dev_ws/build/my_bot': CMAKE_PREFIX_PATH=/opt/ros/humble /usr/bin/cmake --build /home/andrea/dev_ws/build/my_bot -- -j4 -l4
[8.289s] DEBUG:colcon.colcon_core.event_handler.log_command:Invoked command in '/home/andrea/dev_ws/build/my_bot' returned '0': CMAKE_PREFIX_PATH=/opt/ros/humble /usr/bin/cmake --build /home/andrea/dev_ws/build/my_bot -- -j4 -l4
[8.444s] DEBUG:colcon.colcon_core.event_handler.log_command:Invoking command in '/home/andrea/dev_ws/build/my_bot': CMAKE_PREFIX_PATH=/opt/ros/humble /usr/bin/cmake --install /home/andrea/dev_ws/build/my_bot
[8.533s] Level 1:colcon.colcon_core.environment:create_environment_scripts_only(my_bot)
[8.535s] DEBUG:colcon.colcon_core.event_handler.log_command:Invoked command in '/home/andrea/dev_ws/build/my_bot' returned '0': CMAKE_PREFIX_PATH=/opt/ros/humble /usr/bin/cmake --install /home/andrea/dev_ws/build/my_bot
[8.652s] Level 1:colcon.colcon_core.environment:checking '/home/andrea/dev_ws/install/my_bot' for CMake module files
[8.658s] Level 1:colcon.colcon_core.environment:checking '/home/andrea/dev_ws/install/my_bot' for CMake config files
[8.664s] Level 1:colcon.colcon_core.shell:create_environment_hook('my_bot', 'cmake_prefix_path')
[8.754s] INFO:colcon.colcon_core.shell:Creating environment hook '/home/andrea/dev_ws/install/my_bot/share/my_bot/hook/cmake_prefix_path.ps1'
[8.757s] INFO:colcon.colcon_core.shell:Creating environment descriptor '/home/andrea/dev_ws/install/my_bot/share/my_bot/hook/cmake_prefix_path.dsv'
[8.759s] INFO:colcon.colcon_core.shell:Creating environment hook '/home/andrea/dev_ws/install/my_bot/share/my_bot/hook/cmake_prefix_path.sh'
[8.763s] Level 1:colcon.colcon_core.environment:checking '/home/andrea/dev_ws/install/my_bot/bin'
[8.763s] Level 1:colcon.colcon_core.environment:checking '/home/andrea/dev_ws/install/my_bot/lib/pkgconfig/my_bot.pc'
[8.764s] Level 1:colcon.colcon_core.environment:checking '/home/andrea/dev_ws/install/my_bot/lib/python3.10/site-packages'
[8.765s] Level 1:colcon.colcon_core.environment:checking '/home/andrea/dev_ws/install/my_bot/bin'
[8.841s] INFO:colcon.colcon_core.shell:Creating package script '/home/andrea/dev_ws/install/my_bot/share/my_bot/package.ps1'
[8.845s] INFO:colcon.colcon_core.shell:Creating package descriptor '/home/andrea/dev_ws/install/my_bot/share/my_bot/package.dsv'
[8.847s] INFO:colcon.colcon_core.shell:Creating package script '/home/andrea/dev_ws/install/my_bot/share/my_bot/package.sh'
[8.850s] INFO:colcon.colcon_core.shell:Creating package script '/home/andrea/dev_ws/install/my_bot/share/my_bot/package.bash'
[8.854s] INFO:colcon.colcon_core.shell:Creating package script '/home/andrea/dev_ws/install/my_bot/share/my_bot/package.zsh'
[8.857s] Level 1:colcon.colcon_core.environment:create_file_with_runtime_dependencies(/home/andrea/dev_ws/install/my_bot/share/colcon-core/packages/my_bot)
[9.049s] Level 1:colcon.colcon_core.environment:create_environment_scripts_only(my_bot)
[9.125s] Level 1:colcon.colcon_core.environment:checking '/home/andrea/dev_ws/install/my_bot' for CMake module files
[9.128s] Level 1:colcon.colcon_core.environment:checking '/home/andrea/dev_ws/install/my_bot' for CMake config files
[9.131s] Level 1:colcon.colcon_core.shell:create_environment_hook('my_bot', 'cmake_prefix_path')
[9.208s] INFO:colcon.colcon_core.shell:Creating environment hook '/home/andrea/dev_ws/install/my_bot/share/my_bot/hook/cmake_prefix_path.ps1'
[9.210s] INFO:colcon.colcon_core.shell:Creating environment descriptor '/home/andrea/dev_ws/install/my_bot/share/my_bot/hook/cmake_prefix_path.dsv'
[9.212s] INFO:colcon.colcon_core.shell:Creating environment hook '/home/andrea/dev_ws/install/my_bot/share/my_bot/hook/cmake_prefix_path.sh'
[9.215s] Level 1:colcon.colcon_core.environment:checking '/home/andrea/dev_ws/install/my_bot/bin'
[9.215s] Level 1:colcon.colcon_core.environment:checking '/home/andrea/dev_ws/install/my_bot/lib/pkgconfig/my_bot.pc'
[9.216s] Level 1:colcon.colcon_core.environment:checking '/home/andrea/dev_ws/install/my_bot/lib/python3.10/site-packages'
[9.217s] Level 1:colcon.colcon_core.environment:checking '/home/andrea/dev_ws/install/my_bot/bin'
[9.289s] INFO:colcon.colcon_core.shell:Creating package script '/home/andrea/dev_ws/install/my_bot/share/my_bot/package.ps1'
[9.292s] INFO:colcon.colcon_core.shell:Creating package descriptor '/home/andrea/dev_ws/install/my_bot/share/my_bot/package.dsv'
[9.295s] INFO:colcon.colcon_core.shell:Creating package script '/home/andrea/dev_ws/install/my_bot/share/my_bot/package.sh'
[9.297s] INFO:colcon.colcon_core.shell:Creating package script '/home/andrea/dev_ws/install/my_bot/share/my_bot/package.bash'
[9.299s] INFO:colcon.colcon_core.shell:Creating package script '/home/andrea/dev_ws/install/my_bot/share/my_bot/package.zsh'
[9.301s] Level 1:colcon.colcon_core.environment:create_file_with_runtime_dependencies(/home/andrea/dev_ws/install/my_bot/share/colcon-core/packages/my_bot)
[9.302s] DEBUG:colcon.colcon_parallel_executor.executor.parallel:closing loop
[9.304s] DEBUG:colcon.colcon_parallel_executor.executor.parallel:loop closed
[9.304s] DEBUG:colcon.colcon_parallel_executor.executor.parallel:run_until_complete finished with '0'
[9.305s] DEBUG:colcon.colcon_core.event_reactor:joining thread
[9.406s] INFO:colcon.colcon_core.plugin_system:Skipping extension 'colcon_notification.desktop_notification.terminal_notifier': Not used on non-Darwin systems
[9.407s] INFO:colcon.colcon_core.plugin_system:Skipping extension 'colcon_notification.desktop_notification.win32': Not used on non-Windows systems
[9.407s] INFO:colcon.colcon_notification.desktop_notification:Sending desktop notification using 'notify2'
[9.480s] DEBUG:colcon.colcon_core.event_reactor:joined thread
[9.622s] INFO:colcon.colcon_core.shell:Creating prefix script '/home/andrea/dev_ws/install/local_setup.ps1'
[9.627s] INFO:colcon.colcon_core.shell:Creating prefix util module '/home/andrea/dev_ws/install/_local_setup_util_ps1.py'
[9.634s] INFO:colcon.colcon_core.shell:Creating prefix chain script '/home/andrea/dev_ws/install/setup.ps1'
[9.732s] INFO:colcon.colcon_core.shell:Creating prefix script '/home/andrea/dev_ws/install/local_setup.sh'
[9.735s] INFO:colcon.colcon_core.shell:Creating prefix util module '/home/andrea/dev_ws/install/_local_setup_util_sh.py'
[9.737s] INFO:colcon.colcon_core.shell:Creating prefix chain script '/home/andrea/dev_ws/install/setup.sh'
[9.821s] INFO:colcon.colcon_core.shell:Creating prefix script '/home/andrea/dev_ws/install/local_setup.bash'
[9.823s] INFO:colcon.colcon_core.shell:Creating prefix chain script '/home/andrea/dev_ws/install/setup.bash'
[9.901s] INFO:colcon.colcon_core.shell:Creating prefix script '/home/andrea/dev_ws/install/local_setup.zsh'
[9.904s] INFO:colcon.colcon_core.shell:Creating prefix chain script '/home/andrea/dev_ws/install/setup.zsh'
