[0.072s] Invoking command in '/home/andrea/dev_ws/build/my_bot': CMAKE_PREFIX_PATH=/opt/ros/humble /usr/bin/cmake --build /home/andrea/dev_ws/build/my_bot -- -j4 -l4
[0.469s] Invoked command in '/home/andrea/dev_ws/build/my_bot' returned '0': CMAKE_PREFIX_PATH=/opt/ros/humble /usr/bin/cmake --build /home/andrea/dev_ws/build/my_bot -- -j4 -l4
[0.617s] Invoking command in '/home/andrea/dev_ws/build/my_bot': CMAKE_PREFIX_PATH=/opt/ros/humble /usr/bin/cmake --install /home/andrea/dev_ws/build/my_bot
[0.651s] -- Install configuration: ""
[0.656s] -- Execute custom install script
[0.663s] -- Up-to-date symlink: /home/andrea/dev_ws/install/my_bot/share/my_bot/config/empty.yaml
[0.665s] -- Up-to-date symlink: /home/andrea/dev_ws/install/my_bot/share/my_bot/description/gazebo_control.xacro
[0.666s] -- Up-to-date symlink: /home/andrea/dev_ws/install/my_bot/share/my_bot/description/inertial_macros.xacro
[0.667s] -- Up-to-date symlink: /home/andrea/dev_ws/install/my_bot/share/my_bot/description/robot.urdf.xacro
[0.668s] -- Up-to-date symlink: /home/andrea/dev_ws/install/my_bot/share/my_bot/description/robot_core.xacro
[0.669s] -- Up-to-date symlink: /home/andrea/dev_ws/install/my_bot/share/my_bot/launch/launch_sim.launch.py
[0.670s] -- Up-to-date symlink: /home/andrea/dev_ws/install/my_bot/share/my_bot/launch/rsp.launch.py
[0.672s] -- Up-to-date symlink: /home/andrea/dev_ws/install/my_bot/share/my_bot/worlds/empty.world
[0.674s] -- Up-to-date symlink: /home/andrea/dev_ws/install/my_bot/share/ament_index/resource_index/package_run_dependencies/my_bot
[0.675s] -- Up-to-date symlink: /home/andrea/dev_ws/install/my_bot/share/ament_index/resource_index/parent_prefix_path/my_bot
[0.676s] -- Up-to-date symlink: /home/andrea/dev_ws/install/my_bot/share/my_bot/environment/ament_prefix_path.sh
[0.677s] -- Up-to-date symlink: /home/andrea/dev_ws/install/my_bot/share/my_bot/environment/ament_prefix_path.dsv
[0.678s] -- Up-to-date symlink: /home/andrea/dev_ws/install/my_bot/share/my_bot/environment/path.sh
[0.679s] -- Up-to-date symlink: /home/andrea/dev_ws/install/my_bot/share/my_bot/environment/path.dsv
[0.679s] -- Up-to-date symlink: /home/andrea/dev_ws/install/my_bot/share/my_bot/local_setup.bash
[0.680s] -- Up-to-date symlink: /home/andrea/dev_ws/install/my_bot/share/my_bot/local_setup.sh
[0.681s] -- Up-to-date symlink: /home/andrea/dev_ws/install/my_bot/share/my_bot/local_setup.zsh
[0.682s] -- Up-to-date symlink: /home/andrea/dev_ws/install/my_bot/share/my_bot/local_setup.dsv
[0.683s] -- Symlinking: /home/andrea/dev_ws/install/my_bot/share/my_bot/package.dsv
[0.715s] -- Up-to-date symlink: /home/andrea/dev_ws/install/my_bot/share/ament_index/resource_index/packages/my_bot
[0.716s] -- Up-to-date symlink: /home/andrea/dev_ws/install/my_bot/share/my_bot/cmake/my_botConfig.cmake
[0.716s] -- Up-to-date symlink: /home/andrea/dev_ws/install/my_bot/share/my_bot/cmake/my_botConfig-version.cmake
[0.717s] -- Up-to-date symlink: /home/andrea/dev_ws/install/my_bot/share/my_bot/package.xml
[0.725s] Invoked command in '/home/andrea/dev_ws/build/my_bot' returned '0': CMAKE_PREFIX_PATH=/opt/ros/humble /usr/bin/cmake --install /home/andrea/dev_ws/build/my_bot
