[0.734s] Invoking command in '/home/andrea/dev_ws/build/my_bot': CMAKE_PREFIX_PATH=${CMAKE_PREFIX_PATH}:/opt/ros/humble /usr/bin/cmake --build /home/andrea/dev_ws/build/my_bot -- -j4 -l4
[0.933s] Invoked command in '/home/andrea/dev_ws/build/my_bot' returned '0': CMAKE_PREFIX_PATH=${CMAKE_PREFIX_PATH}:/opt/ros/humble /usr/bin/cmake --build /home/andrea/dev_ws/build/my_bot -- -j4 -l4
[1.119s] Invoking command in '/home/andrea/dev_ws/build/my_bot': CMAKE_PREFIX_PATH=${CMAKE_PREFIX_PATH}:/opt/ros/humble /usr/bin/cmake --install /home/andrea/dev_ws/build/my_bot
[1.165s] -- Install configuration: ""
[1.171s] -- Execute custom install script
[1.177s] -- Up-to-date symlink: /home/andrea/dev_ws/install/my_bot/share/my_bot/config/empty.yaml
[1.181s] -- Up-to-date symlink: /home/andrea/dev_ws/install/my_bot/share/my_bot/description/inertial_macros.xacro
[1.186s] -- Up-to-date symlink: /home/andrea/dev_ws/install/my_bot/share/my_bot/description/robot.urdf.xacro
[1.190s] -- Up-to-date symlink: /home/andrea/dev_ws/install/my_bot/share/my_bot/description/robot_core.xacro
[1.195s] -- Up-to-date symlink: /home/andrea/dev_ws/install/my_bot/share/my_bot/launch/launch_sim.launch.py
[1.201s] -- Up-to-date symlink: /home/andrea/dev_ws/install/my_bot/share/my_bot/launch/rsp.launch.py
[1.204s] -- Up-to-date symlink: /home/andrea/dev_ws/install/my_bot/share/my_bot/worlds/empty.world
[1.207s] -- Up-to-date symlink: /home/andrea/dev_ws/install/my_bot/share/ament_index/resource_index/package_run_dependencies/my_bot
[1.210s] -- Up-to-date symlink: /home/andrea/dev_ws/install/my_bot/share/ament_index/resource_index/parent_prefix_path/my_bot
[1.213s] -- Up-to-date symlink: /home/andrea/dev_ws/install/my_bot/share/my_bot/environment/ament_prefix_path.sh
[1.216s] -- Up-to-date symlink: /home/andrea/dev_ws/install/my_bot/share/my_bot/environment/ament_prefix_path.dsv
[1.220s] -- Up-to-date symlink: /home/andrea/dev_ws/install/my_bot/share/my_bot/environment/path.sh
[1.225s] -- Up-to-date symlink: /home/andrea/dev_ws/install/my_bot/share/my_bot/environment/path.dsv
[1.230s] -- Up-to-date symlink: /home/andrea/dev_ws/install/my_bot/share/my_bot/local_setup.bash
[1.235s] -- Up-to-date symlink: /home/andrea/dev_ws/install/my_bot/share/my_bot/local_setup.sh
[1.240s] -- Up-to-date symlink: /home/andrea/dev_ws/install/my_bot/share/my_bot/local_setup.zsh
[1.247s] -- Up-to-date symlink: /home/andrea/dev_ws/install/my_bot/share/my_bot/local_setup.dsv
[1.255s] -- Symlinking: /home/andrea/dev_ws/install/my_bot/share/my_bot/package.dsv
[1.271s] -- Up-to-date symlink: /home/andrea/dev_ws/install/my_bot/share/ament_index/resource_index/packages/my_bot
[1.275s] -- Up-to-date symlink: /home/andrea/dev_ws/install/my_bot/share/my_bot/cmake/my_botConfig.cmake
[1.276s] -- Up-to-date symlink: /home/andrea/dev_ws/install/my_bot/share/my_bot/cmake/my_botConfig-version.cmake
[1.276s] -- Up-to-date symlink: /home/andrea/dev_ws/install/my_bot/share/my_bot/package.xml
[1.287s] Invoked command in '/home/andrea/dev_ws/build/my_bot' returned '0': CMAKE_PREFIX_PATH=${CMAKE_PREFIX_PATH}:/opt/ros/humble /usr/bin/cmake --install /home/andrea/dev_ws/build/my_bot
