[8.127s] DEBUG:colcon:Command line arguments: ['/usr/bin/colcon', 'build', '--symlink-install']
[8.127s] DEBUG:colcon:Parsed command line arguments: Namespace(log_base=None, log_level=None, verb_name='build', build_base='build', install_base='install', merge_install=False, symlink_install=True, test_result_base=None, continue_on_error=False, executor='parallel', parallel_workers=4, event_handlers=None, ignore_user_meta=False, metas=['./colcon.meta'], base_paths=['.'], packages_ignore=None, packages_ignore_regex=None, paths=None, packages_up_to=None, packages_up_to_regex=None, packages_above=None, packages_above_and_dependencies=None, packages_above_depth=None, packages_select_by_dep=None, packages_skip_by_dep=None, packages_skip_up_to=None, packages_select_build_failed=False, packages_skip_build_finished=False, packages_select_test_failures=False, packages_skip_test_passed=False, packages_select=None, packages_skip=None, packages_select_regex=None, packages_skip_regex=None, packages_start=None, packages_end=None, allow_overriding=[], cmake_args=None, cmake_target=None, cmake_target_skip_unavailable=False, cmake_clean_cache=False, cmake_clean_first=False, cmake_force_configure=False, ament_cmake_args=None, catkin_cmake_args=None, catkin_skip_building_tests=False, mixin_files=None, mixin=None, verb_parser=<colcon_mixin.mixin.mixin_argument.MixinArgumentDecorator object at 0xffffb4d11420>, verb_extension=<colcon_core.verb.build.BuildVerb object at 0xffffb4d11480>, main=<bound method BuildVerb.main of <colcon_core.verb.build.BuildVerb object at 0xffffb4d11480>>, mixin_verb=('build',))
[8.628s] Level 1:colcon.colcon_core.package_discovery:discover_packages(colcon_meta) check parameters
[8.628s] Level 1:colcon.colcon_core.package_discovery:discover_packages(recursive) check parameters
[8.629s] Level 1:colcon.colcon_core.package_discovery:discover_packages(ignore) check parameters
[8.629s] Level 1:colcon.colcon_core.package_discovery:discover_packages(path) check parameters
[8.629s] Level 1:colcon.colcon_core.package_discovery:discover_packages(colcon_meta) discover
[8.629s] Level 1:colcon.colcon_core.package_discovery:discover_packages(recursive) discover
[8.629s] INFO:colcon.colcon_core.package_discovery:Crawling recursively for packages in '/home/andrea/dev_ws'
[8.630s] Level 1:colcon.colcon_core.package_identification:_identify(.) by extensions ['ignore', 'ignore_ament_install']
[8.630s] Level 1:colcon.colcon_core.package_identification:_identify(.) by extension 'ignore'
[8.631s] Level 1:colcon.colcon_core.package_identification:_identify(.) by extension 'ignore_ament_install'
[8.631s] Level 1:colcon.colcon_core.package_identification:_identify(.) by extensions ['colcon_pkg']
[8.631s] Level 1:colcon.colcon_core.package_identification:_identify(.) by extension 'colcon_pkg'
[8.631s] Level 1:colcon.colcon_core.package_identification:_identify(.) by extensions ['colcon_meta']
[8.631s] Level 1:colcon.colcon_core.package_identification:_identify(.) by extension 'colcon_meta'
[8.632s] Level 1:colcon.colcon_core.package_identification:_identify(.) by extensions ['ros']
[8.632s] Level 1:colcon.colcon_core.package_identification:_identify(.) by extension 'ros'
[8.692s] Level 1:colcon.colcon_core.package_identification:_identify(.) by extensions ['cmake', 'python']
[8.693s] Level 1:colcon.colcon_core.package_identification:_identify(.) by extension 'cmake'
[8.693s] Level 1:colcon.colcon_core.package_identification:_identify(.) by extension 'python'
[8.693s] Level 1:colcon.colcon_core.package_identification:_identify(.) by extensions ['python_setup_py']
[8.693s] Level 1:colcon.colcon_core.package_identification:_identify(.) by extension 'python_setup_py'
[8.694s] Level 1:colcon.colcon_core.package_identification:_identify(build) by extensions ['ignore', 'ignore_ament_install']
[8.694s] Level 1:colcon.colcon_core.package_identification:_identify(build) by extension 'ignore'
[8.694s] Level 1:colcon.colcon_core.package_identification:_identify(build) ignored
[8.695s] Level 1:colcon.colcon_core.package_identification:_identify(install) by extensions ['ignore', 'ignore_ament_install']
[8.696s] Level 1:colcon.colcon_core.package_identification:_identify(install) by extension 'ignore'
[8.696s] Level 1:colcon.colcon_core.package_identification:_identify(install) ignored
[8.697s] Level 1:colcon.colcon_core.package_identification:_identify(log) by extensions ['ignore', 'ignore_ament_install']
[8.697s] Level 1:colcon.colcon_core.package_identification:_identify(log) by extension 'ignore'
[8.697s] Level 1:colcon.colcon_core.package_identification:_identify(log) ignored
[8.698s] Level 1:colcon.colcon_core.package_identification:_identify(src) by extensions ['ignore', 'ignore_ament_install']
[8.698s] Level 1:colcon.colcon_core.package_identification:_identify(src) by extension 'ignore'
[8.698s] Level 1:colcon.colcon_core.package_identification:_identify(src) by extension 'ignore_ament_install'
[8.699s] Level 1:colcon.colcon_core.package_identification:_identify(src) by extensions ['colcon_pkg']
[8.699s] Level 1:colcon.colcon_core.package_identification:_identify(src) by extension 'colcon_pkg'
[8.699s] Level 1:colcon.colcon_core.package_identification:_identify(src) by extensions ['colcon_meta']
[8.699s] Level 1:colcon.colcon_core.package_identification:_identify(src) by extension 'colcon_meta'
[8.699s] Level 1:colcon.colcon_core.package_identification:_identify(src) by extensions ['ros']
[8.700s] Level 1:colcon.colcon_core.package_identification:_identify(src) by extension 'ros'
[8.700s] Level 1:colcon.colcon_core.package_identification:_identify(src) by extensions ['cmake', 'python']
[8.700s] Level 1:colcon.colcon_core.package_identification:_identify(src) by extension 'cmake'
[8.700s] Level 1:colcon.colcon_core.package_identification:_identify(src) by extension 'python'
[8.701s] Level 1:colcon.colcon_core.package_identification:_identify(src) by extensions ['python_setup_py']
[8.701s] Level 1:colcon.colcon_core.package_identification:_identify(src) by extension 'python_setup_py'
[8.701s] Level 1:colcon.colcon_core.package_identification:_identify(src/my_bot) by extensions ['ignore', 'ignore_ament_install']
[8.702s] Level 1:colcon.colcon_core.package_identification:_identify(src/my_bot) by extension 'ignore'
[8.702s] Level 1:colcon.colcon_core.package_identification:_identify(src/my_bot) by extension 'ignore_ament_install'
[8.702s] Level 1:colcon.colcon_core.package_identification:_identify(src/my_bot) by extensions ['colcon_pkg']
[8.703s] Level 1:colcon.colcon_core.package_identification:_identify(src/my_bot) by extension 'colcon_pkg'
[8.703s] Level 1:colcon.colcon_core.package_identification:_identify(src/my_bot) by extensions ['colcon_meta']
[8.703s] Level 1:colcon.colcon_core.package_identification:_identify(src/my_bot) by extension 'colcon_meta'
[8.703s] Level 1:colcon.colcon_core.package_identification:_identify(src/my_bot) by extensions ['ros']
[8.703s] Level 1:colcon.colcon_core.package_identification:_identify(src/my_bot) by extension 'ros'
[8.714s] DEBUG:colcon.colcon_core.package_identification:Package 'src/my_bot' with type 'ros.ament_cmake' and name 'my_bot'
[8.715s] Level 1:colcon.colcon_core.package_discovery:discover_packages(recursive) using defaults
[8.715s] Level 1:colcon.colcon_core.package_discovery:discover_packages(ignore) discover
[8.715s] Level 1:colcon.colcon_core.package_discovery:discover_packages(ignore) using defaults
[8.715s] Level 1:colcon.colcon_core.package_discovery:discover_packages(path) discover
[8.716s] Level 1:colcon.colcon_core.package_discovery:discover_packages(path) using defaults
[9.841s] Level 1:colcon.colcon_core.package_discovery:discover_packages(prefix_path) check parameters
[9.841s] Level 1:colcon.colcon_core.package_discovery:discover_packages(prefix_path) discover
[10.032s] DEBUG:colcon.colcon_installed_package_information.package_discovery:Found 1 installed packages in /home/andrea/dev_ws/install
[10.131s] DEBUG:colcon.colcon_installed_package_information.package_discovery:Found 368 installed packages in /opt/ros/humble
[10.139s] Level 1:colcon.colcon_core.package_discovery:discover_packages(prefix_path) using defaults
[10.726s] Level 5:colcon.colcon_core.verb:set package 'my_bot' build argument 'cmake_args' from command line to 'None'
[10.727s] Level 5:colcon.colcon_core.verb:set package 'my_bot' build argument 'cmake_target' from command line to 'None'
[10.727s] Level 5:colcon.colcon_core.verb:set package 'my_bot' build argument 'cmake_target_skip_unavailable' from command line to 'False'
[10.727s] Level 5:colcon.colcon_core.verb:set package 'my_bot' build argument 'cmake_clean_cache' from command line to 'False'
[10.727s] Level 5:colcon.colcon_core.verb:set package 'my_bot' build argument 'cmake_clean_first' from command line to 'False'
[10.727s] Level 5:colcon.colcon_core.verb:set package 'my_bot' build argument 'cmake_force_configure' from command line to 'False'
[10.727s] Level 5:colcon.colcon_core.verb:set package 'my_bot' build argument 'ament_cmake_args' from command line to 'None'
[10.728s] Level 5:colcon.colcon_core.verb:set package 'my_bot' build argument 'catkin_cmake_args' from command line to 'None'
[10.728s] Level 5:colcon.colcon_core.verb:set package 'my_bot' build argument 'catkin_skip_building_tests' from command line to 'False'
[10.728s] DEBUG:colcon.colcon_core.verb:Building package 'my_bot' with the following arguments: {'ament_cmake_args': None, 'build_base': '/home/andrea/dev_ws/build/my_bot', 'catkin_cmake_args': None, 'catkin_skip_building_tests': False, 'cmake_args': None, 'cmake_clean_cache': False, 'cmake_clean_first': False, 'cmake_force_configure': False, 'cmake_target': None, 'cmake_target_skip_unavailable': False, 'install_base': '/home/andrea/dev_ws/install/my_bot', 'merge_install': False, 'path': '/home/andrea/dev_ws/src/my_bot', 'symlink_install': True, 'test_result_base': None}
[10.816s] INFO:colcon.colcon_core.executor:Executing jobs using 'parallel' executor
[10.905s] DEBUG:colcon.colcon_parallel_executor.executor.parallel:run_until_complete
[10.907s] INFO:colcon.colcon_ros.task.ament_cmake.build:Building ROS package in '/home/andrea/dev_ws/src/my_bot' with build type 'ament_cmake'
[10.907s] INFO:colcon.colcon_cmake.task.cmake.build:Building CMake package in '/home/andrea/dev_ws/src/my_bot'
[11.030s] INFO:colcon.colcon_core.plugin_system:Skipping extension 'colcon_core.shell.bat': Not used on non-Windows systems
[11.031s] INFO:colcon.colcon_core.shell:Skip shell extension 'powershell' for command environment: Not usable outside of PowerShell
[11.031s] DEBUG:colcon.colcon_core.shell:Skip shell extension 'dsv' for command environment
[11.392s] DEBUG:colcon.colcon_core.event_handler.log_command:Invoking command in '/home/andrea/dev_ws/build/my_bot': CMAKE_PREFIX_PATH=${CMAKE_PREFIX_PATH}:/opt/ros/humble /usr/bin/cmake --build /home/andrea/dev_ws/build/my_bot -- -j4 -l4
[11.793s] DEBUG:colcon.colcon_core.event_handler.log_command:Invoked command in '/home/andrea/dev_ws/build/my_bot' returned '0': CMAKE_PREFIX_PATH=${CMAKE_PREFIX_PATH}:/opt/ros/humble /usr/bin/cmake --build /home/andrea/dev_ws/build/my_bot -- -j4 -l4
[11.951s] DEBUG:colcon.colcon_core.event_handler.log_command:Invoking command in '/home/andrea/dev_ws/build/my_bot': CMAKE_PREFIX_PATH=${CMAKE_PREFIX_PATH}:/opt/ros/humble /usr/bin/cmake --install /home/andrea/dev_ws/build/my_bot
[12.061s] Level 1:colcon.colcon_core.environment:create_environment_scripts_only(my_bot)
[12.064s] DEBUG:colcon.colcon_core.event_handler.log_command:Invoked command in '/home/andrea/dev_ws/build/my_bot' returned '0': CMAKE_PREFIX_PATH=${CMAKE_PREFIX_PATH}:/opt/ros/humble /usr/bin/cmake --install /home/andrea/dev_ws/build/my_bot
[12.176s] Level 1:colcon.colcon_core.environment:checking '/home/andrea/dev_ws/install/my_bot' for CMake module files
[12.179s] Level 1:colcon.colcon_core.environment:checking '/home/andrea/dev_ws/install/my_bot' for CMake config files
[12.182s] Level 1:colcon.colcon_core.shell:create_environment_hook('my_bot', 'cmake_prefix_path')
[12.281s] INFO:colcon.colcon_core.shell:Creating environment hook '/home/andrea/dev_ws/install/my_bot/share/my_bot/hook/cmake_prefix_path.ps1'
[12.284s] INFO:colcon.colcon_core.shell:Creating environment descriptor '/home/andrea/dev_ws/install/my_bot/share/my_bot/hook/cmake_prefix_path.dsv'
[12.288s] INFO:colcon.colcon_core.shell:Creating environment hook '/home/andrea/dev_ws/install/my_bot/share/my_bot/hook/cmake_prefix_path.sh'
[12.293s] Level 1:colcon.colcon_core.environment:checking '/home/andrea/dev_ws/install/my_bot/bin'
[12.293s] Level 1:colcon.colcon_core.environment:checking '/home/andrea/dev_ws/install/my_bot/lib/pkgconfig/my_bot.pc'
[12.294s] Level 1:colcon.colcon_core.environment:checking '/home/andrea/dev_ws/install/my_bot/lib/python3.10/site-packages'
[12.295s] Level 1:colcon.colcon_core.environment:checking '/home/andrea/dev_ws/install/my_bot/bin'
[12.397s] INFO:colcon.colcon_core.shell:Creating package script '/home/andrea/dev_ws/install/my_bot/share/my_bot/package.ps1'
[12.402s] INFO:colcon.colcon_core.shell:Creating package descriptor '/home/andrea/dev_ws/install/my_bot/share/my_bot/package.dsv'
[12.405s] INFO:colcon.colcon_core.shell:Creating package script '/home/andrea/dev_ws/install/my_bot/share/my_bot/package.sh'
[12.409s] INFO:colcon.colcon_core.shell:Creating package script '/home/andrea/dev_ws/install/my_bot/share/my_bot/package.bash'
[12.413s] INFO:colcon.colcon_core.shell:Creating package script '/home/andrea/dev_ws/install/my_bot/share/my_bot/package.zsh'
[12.417s] Level 1:colcon.colcon_core.environment:create_file_with_runtime_dependencies(/home/andrea/dev_ws/install/my_bot/share/colcon-core/packages/my_bot)
[12.636s] Level 1:colcon.colcon_core.environment:create_environment_scripts_only(my_bot)
[12.732s] Level 1:colcon.colcon_core.environment:checking '/home/andrea/dev_ws/install/my_bot' for CMake module files
[12.735s] Level 1:colcon.colcon_core.environment:checking '/home/andrea/dev_ws/install/my_bot' for CMake config files
[12.738s] Level 1:colcon.colcon_core.shell:create_environment_hook('my_bot', 'cmake_prefix_path')
[12.837s] INFO:colcon.colcon_core.shell:Creating environment hook '/home/andrea/dev_ws/install/my_bot/share/my_bot/hook/cmake_prefix_path.ps1'
[12.839s] INFO:colcon.colcon_core.shell:Creating environment descriptor '/home/andrea/dev_ws/install/my_bot/share/my_bot/hook/cmake_prefix_path.dsv'
[12.841s] INFO:colcon.colcon_core.shell:Creating environment hook '/home/andrea/dev_ws/install/my_bot/share/my_bot/hook/cmake_prefix_path.sh'
[12.843s] Level 1:colcon.colcon_core.environment:checking '/home/andrea/dev_ws/install/my_bot/bin'
[12.844s] Level 1:colcon.colcon_core.environment:checking '/home/andrea/dev_ws/install/my_bot/lib/pkgconfig/my_bot.pc'
[12.845s] Level 1:colcon.colcon_core.environment:checking '/home/andrea/dev_ws/install/my_bot/lib/python3.10/site-packages'
[12.846s] Level 1:colcon.colcon_core.environment:checking '/home/andrea/dev_ws/install/my_bot/bin'
[12.942s] INFO:colcon.colcon_core.shell:Creating package script '/home/andrea/dev_ws/install/my_bot/share/my_bot/package.ps1'
[12.945s] INFO:colcon.colcon_core.shell:Creating package descriptor '/home/andrea/dev_ws/install/my_bot/share/my_bot/package.dsv'
[12.947s] INFO:colcon.colcon_core.shell:Creating package script '/home/andrea/dev_ws/install/my_bot/share/my_bot/package.sh'
[12.950s] INFO:colcon.colcon_core.shell:Creating package script '/home/andrea/dev_ws/install/my_bot/share/my_bot/package.bash'
[12.953s] INFO:colcon.colcon_core.shell:Creating package script '/home/andrea/dev_ws/install/my_bot/share/my_bot/package.zsh'
[12.956s] Level 1:colcon.colcon_core.environment:create_file_with_runtime_dependencies(/home/andrea/dev_ws/install/my_bot/share/colcon-core/packages/my_bot)
[12.957s] DEBUG:colcon.colcon_parallel_executor.executor.parallel:closing loop
[12.959s] DEBUG:colcon.colcon_parallel_executor.executor.parallel:loop closed
[12.959s] DEBUG:colcon.colcon_parallel_executor.executor.parallel:run_until_complete finished with '0'
[12.959s] DEBUG:colcon.colcon_core.event_reactor:joining thread
[13.099s] INFO:colcon.colcon_core.plugin_system:Skipping extension 'colcon_notification.desktop_notification.terminal_notifier': Not used on non-Darwin systems
[13.099s] INFO:colcon.colcon_core.plugin_system:Skipping extension 'colcon_notification.desktop_notification.win32': Not used on non-Windows systems
[13.100s] INFO:colcon.colcon_notification.desktop_notification:Sending desktop notification using 'notify2'
[13.220s] DEBUG:colcon.colcon_core.event_reactor:joined thread
[13.411s] INFO:colcon.colcon_core.shell:Creating prefix script '/home/andrea/dev_ws/install/local_setup.ps1'
[13.417s] INFO:colcon.colcon_core.shell:Creating prefix util module '/home/andrea/dev_ws/install/_local_setup_util_ps1.py'
[13.425s] INFO:colcon.colcon_core.shell:Creating prefix chain script '/home/andrea/dev_ws/install/setup.ps1'
[13.530s] INFO:colcon.colcon_core.shell:Creating prefix script '/home/andrea/dev_ws/install/local_setup.sh'
[13.535s] INFO:colcon.colcon_core.shell:Creating prefix util module '/home/andrea/dev_ws/install/_local_setup_util_sh.py'
[13.539s] INFO:colcon.colcon_core.shell:Creating prefix chain script '/home/andrea/dev_ws/install/setup.sh'
[13.942s] INFO:colcon.colcon_core.shell:Creating prefix script '/home/andrea/dev_ws/install/local_setup.bash'
[13.982s] INFO:colcon.colcon_core.shell:Creating prefix chain script '/home/andrea/dev_ws/install/setup.bash'
[14.173s] INFO:colcon.colcon_core.shell:Creating prefix script '/home/andrea/dev_ws/install/local_setup.zsh'
[14.179s] INFO:colcon.colcon_core.shell:Creating prefix chain script '/home/andrea/dev_ws/install/setup.zsh'
