[0.316s] Invoking command in '/home/andrea/dev_ws/build/my_bot': CMAKE_PREFIX_PATH=/opt/ros/humble /usr/bin/cmake --build /home/andrea/dev_ws/build/my_bot -- -j4 -l4
[0.500s] Invoked command in '/home/andrea/dev_ws/build/my_bot' returned '0': CMAKE_PREFIX_PATH=/opt/ros/humble /usr/bin/cmake --build /home/andrea/dev_ws/build/my_bot -- -j4 -l4
[0.650s] Invoking command in '/home/andrea/dev_ws/build/my_bot': CMAKE_PREFIX_PATH=/opt/ros/humble /usr/bin/cmake --install /home/andrea/dev_ws/build/my_bot
[0.677s] -- Install configuration: ""
[0.680s] -- Execute custom install script
[0.682s] -- Up-to-date symlink: /home/andrea/dev_ws/install/my_bot/share/my_bot/config/empty.yaml
[0.683s] -- Up-to-date symlink: /home/andrea/dev_ws/install/my_bot/share/my_bot/description/gazebo_control.xacro
[0.684s] -- Up-to-date symlink: /home/andrea/dev_ws/install/my_bot/share/my_bot/description/inertial_macros.xacro
[0.685s] -- Up-to-date symlink: /home/andrea/dev_ws/install/my_bot/share/my_bot/description/robot.urdf.xacro
[0.685s] -- Up-to-date symlink: /home/andrea/dev_ws/install/my_bot/share/my_bot/description/robot_core.xacro
[0.687s] -- Up-to-date symlink: /home/andrea/dev_ws/install/my_bot/share/my_bot/launch/launch_sim.launch.py
[0.687s] -- Up-to-date symlink: /home/andrea/dev_ws/install/my_bot/share/my_bot/launch/rsp.launch.py
[0.689s] -- Up-to-date symlink: /home/andrea/dev_ws/install/my_bot/share/my_bot/worlds/empty.world
[0.690s] -- Up-to-date symlink: /home/andrea/dev_ws/install/my_bot/share/ament_index/resource_index/package_run_dependencies/my_bot
[0.691s] -- Up-to-date symlink: /home/andrea/dev_ws/install/my_bot/share/ament_index/resource_index/parent_prefix_path/my_bot
[0.692s] -- Up-to-date symlink: /home/andrea/dev_ws/install/my_bot/share/my_bot/environment/ament_prefix_path.sh
[0.693s] -- Up-to-date symlink: /home/andrea/dev_ws/install/my_bot/share/my_bot/environment/ament_prefix_path.dsv
[0.694s] -- Up-to-date symlink: /home/andrea/dev_ws/install/my_bot/share/my_bot/environment/path.sh
[0.695s] -- Up-to-date symlink: /home/andrea/dev_ws/install/my_bot/share/my_bot/environment/path.dsv
[0.696s] -- Up-to-date symlink: /home/andrea/dev_ws/install/my_bot/share/my_bot/local_setup.bash
[0.697s] -- Up-to-date symlink: /home/andrea/dev_ws/install/my_bot/share/my_bot/local_setup.sh
[0.697s] -- Up-to-date symlink: /home/andrea/dev_ws/install/my_bot/share/my_bot/local_setup.zsh
[0.698s] -- Up-to-date symlink: /home/andrea/dev_ws/install/my_bot/share/my_bot/local_setup.dsv
[0.699s] -- Symlinking: /home/andrea/dev_ws/install/my_bot/share/my_bot/package.dsv
[0.732s] -- Up-to-date symlink: /home/andrea/dev_ws/install/my_bot/share/ament_index/resource_index/packages/my_bot
[0.732s] -- Up-to-date symlink: /home/andrea/dev_ws/install/my_bot/share/my_bot/cmake/my_botConfig.cmake
[0.735s] -- Up-to-date symlink: /home/andrea/dev_ws/install/my_bot/share/my_bot/cmake/my_botConfig-version.cmake
[0.737s] -- Up-to-date symlink: /home/andrea/dev_ws/install/my_bot/share/my_bot/package.xml
[0.743s] Invoked command in '/home/andrea/dev_ws/build/my_bot' returned '0': CMAKE_PREFIX_PATH=/opt/ros/humble /usr/bin/cmake --install /home/andrea/dev_ws/build/my_bot
