[6.696s] DEBUG:colcon:Command line arguments: ['/usr/bin/colcon', 'build', '--symlink-install']
[6.696s] DEBUG:colcon:Parsed command line arguments: Namespace(log_base=None, log_level=None, verb_name='build', build_base='build', install_base='install', merge_install=False, symlink_install=True, test_result_base=None, continue_on_error=False, executor='parallel', parallel_workers=4, event_handlers=None, ignore_user_meta=False, metas=['./colcon.meta'], base_paths=['.'], packages_ignore=None, packages_ignore_regex=None, paths=None, packages_up_to=None, packages_up_to_regex=None, packages_above=None, packages_above_and_dependencies=None, packages_above_depth=None, packages_select_by_dep=None, packages_skip_by_dep=None, packages_skip_up_to=None, packages_select_build_failed=False, packages_skip_build_finished=False, packages_select_test_failures=False, packages_skip_test_passed=False, packages_select=None, packages_skip=None, packages_select_regex=None, packages_skip_regex=None, packages_start=None, packages_end=None, allow_overriding=[], cmake_args=None, cmake_target=None, cmake_target_skip_unavailable=False, cmake_clean_cache=False, cmake_clean_first=False, cmake_force_configure=False, ament_cmake_args=None, catkin_cmake_args=None, catkin_skip_building_tests=False, mixin_files=None, mixin=None, verb_parser=<colcon_mixin.mixin.mixin_argument.MixinArgumentDecorator object at 0xffffa7062e00>, verb_extension=<colcon_core.verb.build.BuildVerb object at 0xffffa70613f0>, main=<bound method BuildVerb.main of <colcon_core.verb.build.BuildVerb object at 0xffffa70613f0>>, mixin_verb=('build',))
[7.042s] Level 1:colcon.colcon_core.package_discovery:discover_packages(colcon_meta) check parameters
[7.042s] Level 1:colcon.colcon_core.package_discovery:discover_packages(recursive) check parameters
[7.043s] Level 1:colcon.colcon_core.package_discovery:discover_packages(ignore) check parameters
[7.043s] Level 1:colcon.colcon_core.package_discovery:discover_packages(path) check parameters
[7.043s] Level 1:colcon.colcon_core.package_discovery:discover_packages(colcon_meta) discover
[7.043s] Level 1:colcon.colcon_core.package_discovery:discover_packages(recursive) discover
[7.043s] INFO:colcon.colcon_core.package_discovery:Crawling recursively for packages in '/home/andrea/dev_ws'
[7.044s] Level 1:colcon.colcon_core.package_identification:_identify(.) by extensions ['ignore', 'ignore_ament_install']
[7.044s] Level 1:colcon.colcon_core.package_identification:_identify(.) by extension 'ignore'
[7.045s] Level 1:colcon.colcon_core.package_identification:_identify(.) by extension 'ignore_ament_install'
[7.045s] Level 1:colcon.colcon_core.package_identification:_identify(.) by extensions ['colcon_pkg']
[7.045s] Level 1:colcon.colcon_core.package_identification:_identify(.) by extension 'colcon_pkg'
[7.045s] Level 1:colcon.colcon_core.package_identification:_identify(.) by extensions ['colcon_meta']
[7.045s] Level 1:colcon.colcon_core.package_identification:_identify(.) by extension 'colcon_meta'
[7.046s] Level 1:colcon.colcon_core.package_identification:_identify(.) by extensions ['ros']
[7.046s] Level 1:colcon.colcon_core.package_identification:_identify(.) by extension 'ros'
[7.109s] Level 1:colcon.colcon_core.package_identification:_identify(.) by extensions ['cmake', 'python']
[7.110s] Level 1:colcon.colcon_core.package_identification:_identify(.) by extension 'cmake'
[7.110s] Level 1:colcon.colcon_core.package_identification:_identify(.) by extension 'python'
[7.111s] Level 1:colcon.colcon_core.package_identification:_identify(.) by extensions ['python_setup_py']
[7.111s] Level 1:colcon.colcon_core.package_identification:_identify(.) by extension 'python_setup_py'
[7.112s] Level 1:colcon.colcon_core.package_identification:_identify(build) by extensions ['ignore', 'ignore_ament_install']
[7.112s] Level 1:colcon.colcon_core.package_identification:_identify(build) by extension 'ignore'
[7.112s] Level 1:colcon.colcon_core.package_identification:_identify(build) ignored
[7.113s] Level 1:colcon.colcon_core.package_identification:_identify(install) by extensions ['ignore', 'ignore_ament_install']
[7.114s] Level 1:colcon.colcon_core.package_identification:_identify(install) by extension 'ignore'
[7.114s] Level 1:colcon.colcon_core.package_identification:_identify(install) ignored
[7.114s] Level 1:colcon.colcon_core.package_identification:_identify(log) by extensions ['ignore', 'ignore_ament_install']
[7.115s] Level 1:colcon.colcon_core.package_identification:_identify(log) by extension 'ignore'
[7.115s] Level 1:colcon.colcon_core.package_identification:_identify(log) ignored
[7.115s] Level 1:colcon.colcon_core.package_identification:_identify(src) by extensions ['ignore', 'ignore_ament_install']
[7.116s] Level 1:colcon.colcon_core.package_identification:_identify(src) by extension 'ignore'
[7.116s] Level 1:colcon.colcon_core.package_identification:_identify(src) by extension 'ignore_ament_install'
[7.116s] Level 1:colcon.colcon_core.package_identification:_identify(src) by extensions ['colcon_pkg']
[7.116s] Level 1:colcon.colcon_core.package_identification:_identify(src) by extension 'colcon_pkg'
[7.117s] Level 1:colcon.colcon_core.package_identification:_identify(src) by extensions ['colcon_meta']
[7.117s] Level 1:colcon.colcon_core.package_identification:_identify(src) by extension 'colcon_meta'
[7.117s] Level 1:colcon.colcon_core.package_identification:_identify(src) by extensions ['ros']
[7.117s] Level 1:colcon.colcon_core.package_identification:_identify(src) by extension 'ros'
[7.118s] Level 1:colcon.colcon_core.package_identification:_identify(src) by extensions ['cmake', 'python']
[7.118s] Level 1:colcon.colcon_core.package_identification:_identify(src) by extension 'cmake'
[7.118s] Level 1:colcon.colcon_core.package_identification:_identify(src) by extension 'python'
[7.118s] Level 1:colcon.colcon_core.package_identification:_identify(src) by extensions ['python_setup_py']
[7.118s] Level 1:colcon.colcon_core.package_identification:_identify(src) by extension 'python_setup_py'
[7.119s] Level 1:colcon.colcon_core.package_identification:_identify(src/my_bot) by extensions ['ignore', 'ignore_ament_install']
[7.119s] Level 1:colcon.colcon_core.package_identification:_identify(src/my_bot) by extension 'ignore'
[7.119s] Level 1:colcon.colcon_core.package_identification:_identify(src/my_bot) by extension 'ignore_ament_install'
[7.120s] Level 1:colcon.colcon_core.package_identification:_identify(src/my_bot) by extensions ['colcon_pkg']
[7.120s] Level 1:colcon.colcon_core.package_identification:_identify(src/my_bot) by extension 'colcon_pkg'
[7.120s] Level 1:colcon.colcon_core.package_identification:_identify(src/my_bot) by extensions ['colcon_meta']
[7.120s] Level 1:colcon.colcon_core.package_identification:_identify(src/my_bot) by extension 'colcon_meta'
[7.120s] Level 1:colcon.colcon_core.package_identification:_identify(src/my_bot) by extensions ['ros']
[7.120s] Level 1:colcon.colcon_core.package_identification:_identify(src/my_bot) by extension 'ros'
[7.131s] DEBUG:colcon.colcon_core.package_identification:Package 'src/my_bot' with type 'ros.ament_cmake' and name 'my_bot'
[7.132s] Level 1:colcon.colcon_core.package_discovery:discover_packages(recursive) using defaults
[7.132s] Level 1:colcon.colcon_core.package_discovery:discover_packages(ignore) discover
[7.132s] Level 1:colcon.colcon_core.package_discovery:discover_packages(ignore) using defaults
[7.132s] Level 1:colcon.colcon_core.package_discovery:discover_packages(path) discover
[7.132s] Level 1:colcon.colcon_core.package_discovery:discover_packages(path) using defaults
[7.705s] Level 1:colcon.colcon_core.package_discovery:discover_packages(prefix_path) check parameters
[7.705s] Level 1:colcon.colcon_core.package_discovery:discover_packages(prefix_path) discover
[7.857s] DEBUG:colcon.colcon_installed_package_information.package_discovery:Found 1 installed packages in /home/andrea/dev_ws/install
[7.938s] DEBUG:colcon.colcon_installed_package_information.package_discovery:Found 368 installed packages in /opt/ros/humble
[7.946s] Level 1:colcon.colcon_core.package_discovery:discover_packages(prefix_path) using defaults
[8.445s] Level 5:colcon.colcon_core.verb:set package 'my_bot' build argument 'cmake_args' from command line to 'None'
[8.446s] Level 5:colcon.colcon_core.verb:set package 'my_bot' build argument 'cmake_target' from command line to 'None'
[8.446s] Level 5:colcon.colcon_core.verb:set package 'my_bot' build argument 'cmake_target_skip_unavailable' from command line to 'False'
[8.446s] Level 5:colcon.colcon_core.verb:set package 'my_bot' build argument 'cmake_clean_cache' from command line to 'False'
[8.446s] Level 5:colcon.colcon_core.verb:set package 'my_bot' build argument 'cmake_clean_first' from command line to 'False'
[8.446s] Level 5:colcon.colcon_core.verb:set package 'my_bot' build argument 'cmake_force_configure' from command line to 'False'
[8.446s] Level 5:colcon.colcon_core.verb:set package 'my_bot' build argument 'ament_cmake_args' from command line to 'None'
[8.446s] Level 5:colcon.colcon_core.verb:set package 'my_bot' build argument 'catkin_cmake_args' from command line to 'None'
[8.446s] Level 5:colcon.colcon_core.verb:set package 'my_bot' build argument 'catkin_skip_building_tests' from command line to 'False'
[8.447s] DEBUG:colcon.colcon_core.verb:Building package 'my_bot' with the following arguments: {'ament_cmake_args': None, 'build_base': '/home/andrea/dev_ws/build/my_bot', 'catkin_cmake_args': None, 'catkin_skip_building_tests': False, 'cmake_args': None, 'cmake_clean_cache': False, 'cmake_clean_first': False, 'cmake_force_configure': False, 'cmake_target': None, 'cmake_target_skip_unavailable': False, 'install_base': '/home/andrea/dev_ws/install/my_bot', 'merge_install': False, 'path': '/home/andrea/dev_ws/src/my_bot', 'symlink_install': True, 'test_result_base': None}
[8.515s] INFO:colcon.colcon_core.executor:Executing jobs using 'parallel' executor
[8.589s] DEBUG:colcon.colcon_parallel_executor.executor.parallel:run_until_complete
[8.590s] INFO:colcon.colcon_ros.task.ament_cmake.build:Building ROS package in '/home/andrea/dev_ws/src/my_bot' with build type 'ament_cmake'
[8.591s] INFO:colcon.colcon_cmake.task.cmake.build:Building CMake package in '/home/andrea/dev_ws/src/my_bot'
[8.691s] INFO:colcon.colcon_core.plugin_system:Skipping extension 'colcon_core.shell.bat': Not used on non-Windows systems
[8.692s] INFO:colcon.colcon_core.shell:Skip shell extension 'powershell' for command environment: Not usable outside of PowerShell
[8.692s] DEBUG:colcon.colcon_core.shell:Skip shell extension 'dsv' for command environment
[8.998s] DEBUG:colcon.colcon_core.event_handler.log_command:Invoking command in '/home/andrea/dev_ws/build/my_bot': CMAKE_PREFIX_PATH=${CMAKE_PREFIX_PATH}:/opt/ros/humble /usr/bin/cmake --build /home/andrea/dev_ws/build/my_bot -- -j4 -l4
[9.374s] DEBUG:colcon.colcon_core.event_handler.log_command:Invoked command in '/home/andrea/dev_ws/build/my_bot' returned '0': CMAKE_PREFIX_PATH=${CMAKE_PREFIX_PATH}:/opt/ros/humble /usr/bin/cmake --build /home/andrea/dev_ws/build/my_bot -- -j4 -l4
[9.527s] DEBUG:colcon.colcon_core.event_handler.log_command:Invoking command in '/home/andrea/dev_ws/build/my_bot': CMAKE_PREFIX_PATH=${CMAKE_PREFIX_PATH}:/opt/ros/humble /usr/bin/cmake --install /home/andrea/dev_ws/build/my_bot
[9.627s] Level 1:colcon.colcon_core.environment:create_environment_scripts_only(my_bot)
[9.629s] DEBUG:colcon.colcon_core.event_handler.log_command:Invoked command in '/home/andrea/dev_ws/build/my_bot' returned '0': CMAKE_PREFIX_PATH=${CMAKE_PREFIX_PATH}:/opt/ros/humble /usr/bin/cmake --install /home/andrea/dev_ws/build/my_bot
[9.755s] Level 1:colcon.colcon_core.environment:checking '/home/andrea/dev_ws/install/my_bot' for CMake module files
[9.759s] Level 1:colcon.colcon_core.environment:checking '/home/andrea/dev_ws/install/my_bot' for CMake config files
[9.763s] Level 1:colcon.colcon_core.shell:create_environment_hook('my_bot', 'cmake_prefix_path')
[9.838s] INFO:colcon.colcon_core.shell:Creating environment hook '/home/andrea/dev_ws/install/my_bot/share/my_bot/hook/cmake_prefix_path.ps1'
[9.890s] INFO:colcon.colcon_core.shell:Creating environment descriptor '/home/andrea/dev_ws/install/my_bot/share/my_bot/hook/cmake_prefix_path.dsv'
[9.981s] INFO:colcon.colcon_core.shell:Creating environment hook '/home/andrea/dev_ws/install/my_bot/share/my_bot/hook/cmake_prefix_path.sh'
[10.044s] Level 1:colcon.colcon_core.environment:checking '/home/andrea/dev_ws/install/my_bot/bin'
[10.045s] Level 1:colcon.colcon_core.environment:checking '/home/andrea/dev_ws/install/my_bot/lib/pkgconfig/my_bot.pc'
[10.047s] Level 1:colcon.colcon_core.environment:checking '/home/andrea/dev_ws/install/my_bot/lib/python3.10/site-packages'
[10.050s] Level 1:colcon.colcon_core.environment:checking '/home/andrea/dev_ws/install/my_bot/bin'
[10.136s] INFO:colcon.colcon_core.shell:Creating package script '/home/andrea/dev_ws/install/my_bot/share/my_bot/package.ps1'
[10.140s] INFO:colcon.colcon_core.shell:Creating package descriptor '/home/andrea/dev_ws/install/my_bot/share/my_bot/package.dsv'
[10.144s] INFO:colcon.colcon_core.shell:Creating package script '/home/andrea/dev_ws/install/my_bot/share/my_bot/package.sh'
[10.148s] INFO:colcon.colcon_core.shell:Creating package script '/home/andrea/dev_ws/install/my_bot/share/my_bot/package.bash'
[10.153s] INFO:colcon.colcon_core.shell:Creating package script '/home/andrea/dev_ws/install/my_bot/share/my_bot/package.zsh'
[10.156s] Level 1:colcon.colcon_core.environment:create_file_with_runtime_dependencies(/home/andrea/dev_ws/install/my_bot/share/colcon-core/packages/my_bot)
[10.371s] Level 1:colcon.colcon_core.environment:create_environment_scripts_only(my_bot)
[10.443s] Level 1:colcon.colcon_core.environment:checking '/home/andrea/dev_ws/install/my_bot' for CMake module files
[10.446s] Level 1:colcon.colcon_core.environment:checking '/home/andrea/dev_ws/install/my_bot' for CMake config files
[10.450s] Level 1:colcon.colcon_core.shell:create_environment_hook('my_bot', 'cmake_prefix_path')
[10.525s] INFO:colcon.colcon_core.shell:Creating environment hook '/home/andrea/dev_ws/install/my_bot/share/my_bot/hook/cmake_prefix_path.ps1'
[10.527s] INFO:colcon.colcon_core.shell:Creating environment descriptor '/home/andrea/dev_ws/install/my_bot/share/my_bot/hook/cmake_prefix_path.dsv'
[10.529s] INFO:colcon.colcon_core.shell:Creating environment hook '/home/andrea/dev_ws/install/my_bot/share/my_bot/hook/cmake_prefix_path.sh'
[10.532s] Level 1:colcon.colcon_core.environment:checking '/home/andrea/dev_ws/install/my_bot/bin'
[10.533s] Level 1:colcon.colcon_core.environment:checking '/home/andrea/dev_ws/install/my_bot/lib/pkgconfig/my_bot.pc'
[10.534s] Level 1:colcon.colcon_core.environment:checking '/home/andrea/dev_ws/install/my_bot/lib/python3.10/site-packages'
[10.535s] Level 1:colcon.colcon_core.environment:checking '/home/andrea/dev_ws/install/my_bot/bin'
[10.619s] INFO:colcon.colcon_core.shell:Creating package script '/home/andrea/dev_ws/install/my_bot/share/my_bot/package.ps1'
[10.622s] INFO:colcon.colcon_core.shell:Creating package descriptor '/home/andrea/dev_ws/install/my_bot/share/my_bot/package.dsv'
[10.624s] INFO:colcon.colcon_core.shell:Creating package script '/home/andrea/dev_ws/install/my_bot/share/my_bot/package.sh'
[10.627s] INFO:colcon.colcon_core.shell:Creating package script '/home/andrea/dev_ws/install/my_bot/share/my_bot/package.bash'
[10.629s] INFO:colcon.colcon_core.shell:Creating package script '/home/andrea/dev_ws/install/my_bot/share/my_bot/package.zsh'
[10.631s] Level 1:colcon.colcon_core.environment:create_file_with_runtime_dependencies(/home/andrea/dev_ws/install/my_bot/share/colcon-core/packages/my_bot)
[10.632s] DEBUG:colcon.colcon_parallel_executor.executor.parallel:closing loop
[10.634s] DEBUG:colcon.colcon_parallel_executor.executor.parallel:loop closed
[10.634s] DEBUG:colcon.colcon_parallel_executor.executor.parallel:run_until_complete finished with '0'
[10.634s] DEBUG:colcon.colcon_core.event_reactor:joining thread
[10.751s] INFO:colcon.colcon_core.plugin_system:Skipping extension 'colcon_notification.desktop_notification.terminal_notifier': Not used on non-Darwin systems
[10.751s] INFO:colcon.colcon_core.plugin_system:Skipping extension 'colcon_notification.desktop_notification.win32': Not used on non-Windows systems
[10.751s] INFO:colcon.colcon_notification.desktop_notification:Sending desktop notification using 'notify2'
[10.858s] DEBUG:colcon.colcon_core.event_reactor:joined thread
[11.010s] INFO:colcon.colcon_core.shell:Creating prefix script '/home/andrea/dev_ws/install/local_setup.ps1'
[11.016s] INFO:colcon.colcon_core.shell:Creating prefix util module '/home/andrea/dev_ws/install/_local_setup_util_ps1.py'
[11.024s] INFO:colcon.colcon_core.shell:Creating prefix chain script '/home/andrea/dev_ws/install/setup.ps1'
[11.125s] INFO:colcon.colcon_core.shell:Creating prefix script '/home/andrea/dev_ws/install/local_setup.sh'
[11.128s] INFO:colcon.colcon_core.shell:Creating prefix util module '/home/andrea/dev_ws/install/_local_setup_util_sh.py'
[11.131s] INFO:colcon.colcon_core.shell:Creating prefix chain script '/home/andrea/dev_ws/install/setup.sh'
[11.214s] INFO:colcon.colcon_core.shell:Creating prefix script '/home/andrea/dev_ws/install/local_setup.bash'
[11.218s] INFO:colcon.colcon_core.shell:Creating prefix chain script '/home/andrea/dev_ws/install/setup.bash'
[11.297s] INFO:colcon.colcon_core.shell:Creating prefix script '/home/andrea/dev_ws/install/local_setup.zsh'
[11.300s] INFO:colcon.colcon_core.shell:Creating prefix chain script '/home/andrea/dev_ws/install/setup.zsh'
