[5.387s] DEBUG:colcon:Command line arguments: ['/usr/bin/colcon', 'list']
[5.387s] DEBUG:colcon:Parsed command line arguments: Namespace(log_base=None, log_level=None, verb_name='list', build_base='build', ignore_user_meta=False, metas=['./colcon.meta'], base_paths=['.'], packages_ignore=None, packages_ignore_regex=None, paths=None, packages_up_to=None, packages_up_to_regex=None, packages_above=None, packages_above_and_dependencies=None, packages_above_depth=None, packages_select_by_dep=None, packages_skip_by_dep=None, packages_skip_up_to=None, packages_select_build_failed=False, packages_skip_build_finished=False, packages_select_test_failures=False, packages_skip_test_passed=False, packages_select=None, packages_skip=None, packages_select_regex=None, packages_skip_regex=None, packages_start=None, packages_end=None, allow_overriding=[], topological_order=False, names_only=False, paths_only=False, topological_graph=False, topological_graph_dot=False, topological_graph_density=False, topological_graph_legend=False, topological_graph_dot_cluster=False, topological_graph_dot_include_skipped=False, mixin_files=None, mixin=None, verb_parser=<colcon_mixin.mixin.mixin_argument.MixinArgumentDecorator object at 0xffffbd8a0220>, verb_extension=<colcon_package_information.verb.list.ListVerb object at 0xffffbd8a05e0>, main=<bound method ListVerb.main of <colcon_package_information.verb.list.ListVerb object at 0xffffbd8a05e0>>, mixin_verb=('list',))
[5.616s] Level 1:colcon.colcon_core.package_discovery:discover_packages(colcon_meta) check parameters
[5.617s] Level 1:colcon.colcon_core.package_discovery:discover_packages(recursive) check parameters
[5.617s] Level 1:colcon.colcon_core.package_discovery:discover_packages(ignore) check parameters
[5.617s] Level 1:colcon.colcon_core.package_discovery:discover_packages(path) check parameters
[5.617s] Level 1:colcon.colcon_core.package_discovery:discover_packages(colcon_meta) discover
[5.617s] Level 1:colcon.colcon_core.package_discovery:discover_packages(recursive) discover
[5.618s] INFO:colcon.colcon_core.package_discovery:Crawling recursively for packages in '/home/andrea/dev_ws'
[5.618s] Level 1:colcon.colcon_core.package_identification:_identify(.) by extensions ['ignore', 'ignore_ament_install']
[5.618s] Level 1:colcon.colcon_core.package_identification:_identify(.) by extension 'ignore'
[5.619s] Level 1:colcon.colcon_core.package_identification:_identify(.) by extension 'ignore_ament_install'
[5.619s] Level 1:colcon.colcon_core.package_identification:_identify(.) by extensions ['colcon_pkg']
[5.619s] Level 1:colcon.colcon_core.package_identification:_identify(.) by extension 'colcon_pkg'
[5.619s] Level 1:colcon.colcon_core.package_identification:_identify(.) by extensions ['colcon_meta']
[5.619s] Level 1:colcon.colcon_core.package_identification:_identify(.) by extension 'colcon_meta'
[5.620s] Level 1:colcon.colcon_core.package_identification:_identify(.) by extensions ['ros']
[5.620s] Level 1:colcon.colcon_core.package_identification:_identify(.) by extension 'ros'
[5.664s] Level 1:colcon.colcon_core.package_identification:_identify(.) by extensions ['cmake', 'python']
[5.664s] Level 1:colcon.colcon_core.package_identification:_identify(.) by extension 'cmake'
[5.665s] Level 1:colcon.colcon_core.package_identification:_identify(.) by extension 'python'
[5.665s] Level 1:colcon.colcon_core.package_identification:_identify(.) by extensions ['python_setup_py']
[5.665s] Level 1:colcon.colcon_core.package_identification:_identify(.) by extension 'python_setup_py'
[5.666s] Level 1:colcon.colcon_core.package_identification:_identify(build) by extensions ['ignore', 'ignore_ament_install']
[5.666s] Level 1:colcon.colcon_core.package_identification:_identify(build) by extension 'ignore'
[5.666s] Level 1:colcon.colcon_core.package_identification:_identify(build) ignored
[5.667s] Level 1:colcon.colcon_core.package_identification:_identify(install) by extensions ['ignore', 'ignore_ament_install']
[5.667s] Level 1:colcon.colcon_core.package_identification:_identify(install) by extension 'ignore'
[5.667s] Level 1:colcon.colcon_core.package_identification:_identify(install) ignored
[5.668s] Level 1:colcon.colcon_core.package_identification:_identify(log) by extensions ['ignore', 'ignore_ament_install']
[5.668s] Level 1:colcon.colcon_core.package_identification:_identify(log) by extension 'ignore'
[5.669s] Level 1:colcon.colcon_core.package_identification:_identify(log) ignored
[5.669s] Level 1:colcon.colcon_core.package_identification:_identify(src) by extensions ['ignore', 'ignore_ament_install']
[5.670s] Level 1:colcon.colcon_core.package_identification:_identify(src) by extension 'ignore'
[5.670s] Level 1:colcon.colcon_core.package_identification:_identify(src) by extension 'ignore_ament_install'
[5.670s] Level 1:colcon.colcon_core.package_identification:_identify(src) by extensions ['colcon_pkg']
[5.670s] Level 1:colcon.colcon_core.package_identification:_identify(src) by extension 'colcon_pkg'
[5.670s] Level 1:colcon.colcon_core.package_identification:_identify(src) by extensions ['colcon_meta']
[5.670s] Level 1:colcon.colcon_core.package_identification:_identify(src) by extension 'colcon_meta'
[5.671s] Level 1:colcon.colcon_core.package_identification:_identify(src) by extensions ['ros']
[5.671s] Level 1:colcon.colcon_core.package_identification:_identify(src) by extension 'ros'
[5.671s] Level 1:colcon.colcon_core.package_identification:_identify(src) by extensions ['cmake', 'python']
[5.671s] Level 1:colcon.colcon_core.package_identification:_identify(src) by extension 'cmake'
[5.671s] Level 1:colcon.colcon_core.package_identification:_identify(src) by extension 'python'
[5.672s] Level 1:colcon.colcon_core.package_identification:_identify(src) by extensions ['python_setup_py']
[5.672s] Level 1:colcon.colcon_core.package_identification:_identify(src) by extension 'python_setup_py'
[5.672s] Level 1:colcon.colcon_core.package_identification:_identify(src/my_bot) by extensions ['ignore', 'ignore_ament_install']
[5.673s] Level 1:colcon.colcon_core.package_identification:_identify(src/my_bot) by extension 'ignore'
[5.673s] Level 1:colcon.colcon_core.package_identification:_identify(src/my_bot) by extension 'ignore_ament_install'
[5.673s] Level 1:colcon.colcon_core.package_identification:_identify(src/my_bot) by extensions ['colcon_pkg']
[5.673s] Level 1:colcon.colcon_core.package_identification:_identify(src/my_bot) by extension 'colcon_pkg'
[5.674s] Level 1:colcon.colcon_core.package_identification:_identify(src/my_bot) by extensions ['colcon_meta']
[5.674s] Level 1:colcon.colcon_core.package_identification:_identify(src/my_bot) by extension 'colcon_meta'
[5.674s] Level 1:colcon.colcon_core.package_identification:_identify(src/my_bot) by extensions ['ros']
[5.674s] Level 1:colcon.colcon_core.package_identification:_identify(src/my_bot) by extension 'ros'
[5.683s] DEBUG:colcon.colcon_core.package_identification:Package 'src/my_bot' with type 'ros.ament_cmake' and name 'my_bot'
[5.683s] Level 1:colcon.colcon_core.package_discovery:discover_packages(recursive) using defaults
[5.683s] Level 1:colcon.colcon_core.package_discovery:discover_packages(ignore) discover
[5.683s] Level 1:colcon.colcon_core.package_discovery:discover_packages(ignore) using defaults
[5.684s] Level 1:colcon.colcon_core.package_discovery:discover_packages(path) discover
[5.684s] Level 1:colcon.colcon_core.package_discovery:discover_packages(path) using defaults
