[6.026s] DEBUG:colcon:Command line arguments: ['/usr/bin/colcon', 'build', '--symlink-install']
[6.026s] DEBUG:colcon:Parsed command line arguments: Namespace(log_base=None, log_level=None, verb_name='build', build_base='build', install_base='install', merge_install=False, symlink_install=True, test_result_base=None, continue_on_error=False, executor='parallel', parallel_workers=4, event_handlers=None, ignore_user_meta=False, metas=['./colcon.meta'], base_paths=['.'], packages_ignore=None, packages_ignore_regex=None, paths=None, packages_up_to=None, packages_up_to_regex=None, packages_above=None, packages_above_and_dependencies=None, packages_above_depth=None, packages_select_by_dep=None, packages_skip_by_dep=None, packages_skip_up_to=None, packages_select_build_failed=False, packages_skip_build_finished=False, packages_select_test_failures=False, packages_skip_test_passed=False, packages_select=None, packages_skip=None, packages_select_regex=None, packages_skip_regex=None, packages_start=None, packages_end=None, allow_overriding=[], cmake_args=None, cmake_target=None, cmake_target_skip_unavailable=False, cmake_clean_cache=False, cmake_clean_first=False, cmake_force_configure=False, ament_cmake_args=None, catkin_cmake_args=None, catkin_skip_building_tests=False, mixin_files=None, mixin=None, verb_parser=<colcon_mixin.mixin.mixin_argument.MixinArgumentDecorator object at 0xffff84017880>, verb_extension=<colcon_core.verb.build.BuildVerb object at 0xffff83f9d120>, main=<bound method BuildVerb.main of <colcon_core.verb.build.BuildVerb object at 0xffff83f9d120>>, mixin_verb=('build',))
[6.377s] Level 1:colcon.colcon_core.package_discovery:discover_packages(colcon_meta) check parameters
[6.378s] Level 1:colcon.colcon_core.package_discovery:discover_packages(recursive) check parameters
[6.378s] Level 1:colcon.colcon_core.package_discovery:discover_packages(ignore) check parameters
[6.378s] Level 1:colcon.colcon_core.package_discovery:discover_packages(path) check parameters
[6.378s] Level 1:colcon.colcon_core.package_discovery:discover_packages(colcon_meta) discover
[6.378s] Level 1:colcon.colcon_core.package_discovery:discover_packages(recursive) discover
[6.379s] INFO:colcon.colcon_core.package_discovery:Crawling recursively for packages in '/home/andrea/dev_ws'
[6.379s] Level 1:colcon.colcon_core.package_identification:_identify(.) by extensions ['ignore', 'ignore_ament_install']
[6.379s] Level 1:colcon.colcon_core.package_identification:_identify(.) by extension 'ignore'
[6.380s] Level 1:colcon.colcon_core.package_identification:_identify(.) by extension 'ignore_ament_install'
[6.380s] Level 1:colcon.colcon_core.package_identification:_identify(.) by extensions ['colcon_pkg']
[6.380s] Level 1:colcon.colcon_core.package_identification:_identify(.) by extension 'colcon_pkg'
[6.380s] Level 1:colcon.colcon_core.package_identification:_identify(.) by extensions ['colcon_meta']
[6.380s] Level 1:colcon.colcon_core.package_identification:_identify(.) by extension 'colcon_meta'
[6.381s] Level 1:colcon.colcon_core.package_identification:_identify(.) by extensions ['ros']
[6.381s] Level 1:colcon.colcon_core.package_identification:_identify(.) by extension 'ros'
[6.427s] Level 1:colcon.colcon_core.package_identification:_identify(.) by extensions ['cmake', 'python']
[6.427s] Level 1:colcon.colcon_core.package_identification:_identify(.) by extension 'cmake'
[6.427s] Level 1:colcon.colcon_core.package_identification:_identify(.) by extension 'python'
[6.428s] Level 1:colcon.colcon_core.package_identification:_identify(.) by extensions ['python_setup_py']
[6.428s] Level 1:colcon.colcon_core.package_identification:_identify(.) by extension 'python_setup_py'
[6.428s] Level 1:colcon.colcon_core.package_identification:_identify(build) by extensions ['ignore', 'ignore_ament_install']
[6.429s] Level 1:colcon.colcon_core.package_identification:_identify(build) by extension 'ignore'
[6.429s] Level 1:colcon.colcon_core.package_identification:_identify(build) ignored
[6.429s] Level 1:colcon.colcon_core.package_identification:_identify(install) by extensions ['ignore', 'ignore_ament_install']
[6.430s] Level 1:colcon.colcon_core.package_identification:_identify(install) by extension 'ignore'
[6.430s] Level 1:colcon.colcon_core.package_identification:_identify(install) ignored
[6.430s] Level 1:colcon.colcon_core.package_identification:_identify(log) by extensions ['ignore', 'ignore_ament_install']
[6.430s] Level 1:colcon.colcon_core.package_identification:_identify(log) by extension 'ignore'
[6.431s] Level 1:colcon.colcon_core.package_identification:_identify(log) ignored
[6.431s] Level 1:colcon.colcon_core.package_identification:_identify(src) by extensions ['ignore', 'ignore_ament_install']
[6.431s] Level 1:colcon.colcon_core.package_identification:_identify(src) by extension 'ignore'
[6.431s] Level 1:colcon.colcon_core.package_identification:_identify(src) by extension 'ignore_ament_install'
[6.432s] Level 1:colcon.colcon_core.package_identification:_identify(src) by extensions ['colcon_pkg']
[6.432s] Level 1:colcon.colcon_core.package_identification:_identify(src) by extension 'colcon_pkg'
[6.432s] Level 1:colcon.colcon_core.package_identification:_identify(src) by extensions ['colcon_meta']
[6.432s] Level 1:colcon.colcon_core.package_identification:_identify(src) by extension 'colcon_meta'
[6.432s] Level 1:colcon.colcon_core.package_identification:_identify(src) by extensions ['ros']
[6.432s] Level 1:colcon.colcon_core.package_identification:_identify(src) by extension 'ros'
[6.433s] Level 1:colcon.colcon_core.package_identification:_identify(src) by extensions ['cmake', 'python']
[6.433s] Level 1:colcon.colcon_core.package_identification:_identify(src) by extension 'cmake'
[6.433s] Level 1:colcon.colcon_core.package_identification:_identify(src) by extension 'python'
[6.433s] Level 1:colcon.colcon_core.package_identification:_identify(src) by extensions ['python_setup_py']
[6.433s] Level 1:colcon.colcon_core.package_identification:_identify(src) by extension 'python_setup_py'
[6.434s] Level 1:colcon.colcon_core.package_identification:_identify(src/my_bot) by extensions ['ignore', 'ignore_ament_install']
[6.434s] Level 1:colcon.colcon_core.package_identification:_identify(src/my_bot) by extension 'ignore'
[6.434s] Level 1:colcon.colcon_core.package_identification:_identify(src/my_bot) by extension 'ignore_ament_install'
[6.435s] Level 1:colcon.colcon_core.package_identification:_identify(src/my_bot) by extensions ['colcon_pkg']
[6.435s] Level 1:colcon.colcon_core.package_identification:_identify(src/my_bot) by extension 'colcon_pkg'
[6.435s] Level 1:colcon.colcon_core.package_identification:_identify(src/my_bot) by extensions ['colcon_meta']
[6.435s] Level 1:colcon.colcon_core.package_identification:_identify(src/my_bot) by extension 'colcon_meta'
[6.435s] Level 1:colcon.colcon_core.package_identification:_identify(src/my_bot) by extensions ['ros']
[6.435s] Level 1:colcon.colcon_core.package_identification:_identify(src/my_bot) by extension 'ros'
[6.445s] DEBUG:colcon.colcon_core.package_identification:Package 'src/my_bot' with type 'ros.ament_cmake' and name 'my_bot'
[6.446s] Level 1:colcon.colcon_core.package_discovery:discover_packages(recursive) using defaults
[6.446s] Level 1:colcon.colcon_core.package_discovery:discover_packages(ignore) discover
[6.446s] Level 1:colcon.colcon_core.package_discovery:discover_packages(ignore) using defaults
[6.446s] Level 1:colcon.colcon_core.package_discovery:discover_packages(path) discover
[6.446s] Level 1:colcon.colcon_core.package_discovery:discover_packages(path) using defaults
[6.923s] Level 1:colcon.colcon_core.package_discovery:discover_packages(prefix_path) check parameters
[6.924s] Level 1:colcon.colcon_core.package_discovery:discover_packages(prefix_path) discover
[7.083s] DEBUG:colcon.colcon_installed_package_information.package_discovery:Found 355 installed packages in /opt/ros/humble
[7.091s] Level 1:colcon.colcon_core.package_discovery:discover_packages(prefix_path) using defaults
[7.571s] Level 5:colcon.colcon_core.verb:set package 'my_bot' build argument 'cmake_args' from command line to 'None'
[7.572s] Level 5:colcon.colcon_core.verb:set package 'my_bot' build argument 'cmake_target' from command line to 'None'
[7.572s] Level 5:colcon.colcon_core.verb:set package 'my_bot' build argument 'cmake_target_skip_unavailable' from command line to 'False'
[7.572s] Level 5:colcon.colcon_core.verb:set package 'my_bot' build argument 'cmake_clean_cache' from command line to 'False'
[7.572s] Level 5:colcon.colcon_core.verb:set package 'my_bot' build argument 'cmake_clean_first' from command line to 'False'
[7.572s] Level 5:colcon.colcon_core.verb:set package 'my_bot' build argument 'cmake_force_configure' from command line to 'False'
[7.572s] Level 5:colcon.colcon_core.verb:set package 'my_bot' build argument 'ament_cmake_args' from command line to 'None'
[7.572s] Level 5:colcon.colcon_core.verb:set package 'my_bot' build argument 'catkin_cmake_args' from command line to 'None'
[7.572s] Level 5:colcon.colcon_core.verb:set package 'my_bot' build argument 'catkin_skip_building_tests' from command line to 'False'
[7.573s] DEBUG:colcon.colcon_core.verb:Building package 'my_bot' with the following arguments: {'ament_cmake_args': None, 'build_base': '/home/andrea/dev_ws/build/my_bot', 'catkin_cmake_args': None, 'catkin_skip_building_tests': False, 'cmake_args': None, 'cmake_clean_cache': False, 'cmake_clean_first': False, 'cmake_force_configure': False, 'cmake_target': None, 'cmake_target_skip_unavailable': False, 'install_base': '/home/andrea/dev_ws/install/my_bot', 'merge_install': False, 'path': '/home/andrea/dev_ws/src/my_bot', 'symlink_install': True, 'test_result_base': None}
[7.641s] INFO:colcon.colcon_core.executor:Executing jobs using 'parallel' executor
[7.712s] DEBUG:colcon.colcon_parallel_executor.executor.parallel:run_until_complete
[7.713s] INFO:colcon.colcon_ros.task.ament_cmake.build:Building ROS package in '/home/andrea/dev_ws/src/my_bot' with build type 'ament_cmake'
[7.713s] INFO:colcon.colcon_cmake.task.cmake.build:Building CMake package in '/home/andrea/dev_ws/src/my_bot'
[7.812s] INFO:colcon.colcon_core.plugin_system:Skipping extension 'colcon_core.shell.bat': Not used on non-Windows systems
[7.813s] INFO:colcon.colcon_core.shell:Skip shell extension 'powershell' for command environment: Not usable outside of PowerShell
[7.813s] DEBUG:colcon.colcon_core.shell:Skip shell extension 'dsv' for command environment
[8.019s] DEBUG:colcon.colcon_core.event_handler.log_command:Invoking command in '/home/andrea/dev_ws/build/my_bot': CMAKE_PREFIX_PATH=/opt/ros/humble /usr/bin/cmake /home/andrea/dev_ws/src/my_bot -DAMENT_CMAKE_SYMLINK_INSTALL=1 -DCMAKE_INSTALL_PREFIX=/home/andrea/dev_ws/install/my_bot
[13.099s] DEBUG:colcon.colcon_core.event_handler.log_command:Invoked command in '/home/andrea/dev_ws/build/my_bot' returned '0': CMAKE_PREFIX_PATH=/opt/ros/humble /usr/bin/cmake /home/andrea/dev_ws/src/my_bot -DAMENT_CMAKE_SYMLINK_INSTALL=1 -DCMAKE_INSTALL_PREFIX=/home/andrea/dev_ws/install/my_bot
[13.111s] DEBUG:colcon.colcon_core.event_handler.log_command:Invoking command in '/home/andrea/dev_ws/build/my_bot': CMAKE_PREFIX_PATH=/opt/ros/humble /usr/bin/cmake --build /home/andrea/dev_ws/build/my_bot -- -j4 -l4
[13.256s] DEBUG:colcon.colcon_core.event_handler.log_command:Invoked command in '/home/andrea/dev_ws/build/my_bot' returned '0': CMAKE_PREFIX_PATH=/opt/ros/humble /usr/bin/cmake --build /home/andrea/dev_ws/build/my_bot -- -j4 -l4
[13.414s] DEBUG:colcon.colcon_core.event_handler.log_command:Invoking command in '/home/andrea/dev_ws/build/my_bot': CMAKE_PREFIX_PATH=/opt/ros/humble /usr/bin/cmake --install /home/andrea/dev_ws/build/my_bot
[14.074s] Level 1:colcon.colcon_core.environment:create_environment_scripts_only(my_bot)
[14.076s] DEBUG:colcon.colcon_core.event_handler.log_command:Invoked command in '/home/andrea/dev_ws/build/my_bot' returned '0': CMAKE_PREFIX_PATH=/opt/ros/humble /usr/bin/cmake --install /home/andrea/dev_ws/build/my_bot
[14.177s] Level 1:colcon.colcon_core.environment:checking '/home/andrea/dev_ws/install/my_bot' for CMake module files
[14.181s] Level 1:colcon.colcon_core.environment:checking '/home/andrea/dev_ws/install/my_bot' for CMake config files
[14.184s] Level 1:colcon.colcon_core.shell:create_environment_hook('my_bot', 'cmake_prefix_path')
[14.258s] INFO:colcon.colcon_core.shell:Creating environment hook '/home/andrea/dev_ws/install/my_bot/share/my_bot/hook/cmake_prefix_path.ps1'
[14.262s] INFO:colcon.colcon_core.shell:Creating environment descriptor '/home/andrea/dev_ws/install/my_bot/share/my_bot/hook/cmake_prefix_path.dsv'
[14.265s] INFO:colcon.colcon_core.shell:Creating environment hook '/home/andrea/dev_ws/install/my_bot/share/my_bot/hook/cmake_prefix_path.sh'
[14.269s] Level 1:colcon.colcon_core.environment:checking '/home/andrea/dev_ws/install/my_bot/bin'
[14.270s] Level 1:colcon.colcon_core.environment:checking '/home/andrea/dev_ws/install/my_bot/lib/pkgconfig/my_bot.pc'
[14.271s] Level 1:colcon.colcon_core.environment:checking '/home/andrea/dev_ws/install/my_bot/lib/python3.10/site-packages'
[14.272s] Level 1:colcon.colcon_core.environment:checking '/home/andrea/dev_ws/install/my_bot/bin'
[14.346s] INFO:colcon.colcon_core.shell:Creating package script '/home/andrea/dev_ws/install/my_bot/share/my_bot/package.ps1'
[14.350s] INFO:colcon.colcon_core.shell:Creating package descriptor '/home/andrea/dev_ws/install/my_bot/share/my_bot/package.dsv'
[14.353s] INFO:colcon.colcon_core.shell:Creating package script '/home/andrea/dev_ws/install/my_bot/share/my_bot/package.sh'
[14.357s] INFO:colcon.colcon_core.shell:Creating package script '/home/andrea/dev_ws/install/my_bot/share/my_bot/package.bash'
[14.361s] INFO:colcon.colcon_core.shell:Creating package script '/home/andrea/dev_ws/install/my_bot/share/my_bot/package.zsh'
[14.365s] Level 1:colcon.colcon_core.environment:create_file_with_runtime_dependencies(/home/andrea/dev_ws/install/my_bot/share/colcon-core/packages/my_bot)
[14.548s] Level 1:colcon.colcon_core.environment:create_environment_scripts_only(my_bot)
[14.622s] Level 1:colcon.colcon_core.environment:checking '/home/andrea/dev_ws/install/my_bot' for CMake module files
[14.624s] Level 1:colcon.colcon_core.environment:checking '/home/andrea/dev_ws/install/my_bot' for CMake config files
[14.627s] Level 1:colcon.colcon_core.shell:create_environment_hook('my_bot', 'cmake_prefix_path')
[14.696s] INFO:colcon.colcon_core.shell:Creating environment hook '/home/andrea/dev_ws/install/my_bot/share/my_bot/hook/cmake_prefix_path.ps1'
[14.699s] INFO:colcon.colcon_core.shell:Creating environment descriptor '/home/andrea/dev_ws/install/my_bot/share/my_bot/hook/cmake_prefix_path.dsv'
[14.701s] INFO:colcon.colcon_core.shell:Creating environment hook '/home/andrea/dev_ws/install/my_bot/share/my_bot/hook/cmake_prefix_path.sh'
[14.704s] Level 1:colcon.colcon_core.environment:checking '/home/andrea/dev_ws/install/my_bot/bin'
[14.705s] Level 1:colcon.colcon_core.environment:checking '/home/andrea/dev_ws/install/my_bot/lib/pkgconfig/my_bot.pc'
[14.705s] Level 1:colcon.colcon_core.environment:checking '/home/andrea/dev_ws/install/my_bot/lib/python3.10/site-packages'
[14.706s] Level 1:colcon.colcon_core.environment:checking '/home/andrea/dev_ws/install/my_bot/bin'
[14.779s] INFO:colcon.colcon_core.shell:Creating package script '/home/andrea/dev_ws/install/my_bot/share/my_bot/package.ps1'
[14.781s] INFO:colcon.colcon_core.shell:Creating package descriptor '/home/andrea/dev_ws/install/my_bot/share/my_bot/package.dsv'
[14.784s] INFO:colcon.colcon_core.shell:Creating package script '/home/andrea/dev_ws/install/my_bot/share/my_bot/package.sh'
[14.786s] INFO:colcon.colcon_core.shell:Creating package script '/home/andrea/dev_ws/install/my_bot/share/my_bot/package.bash'
[14.788s] INFO:colcon.colcon_core.shell:Creating package script '/home/andrea/dev_ws/install/my_bot/share/my_bot/package.zsh'
[14.790s] Level 1:colcon.colcon_core.environment:create_file_with_runtime_dependencies(/home/andrea/dev_ws/install/my_bot/share/colcon-core/packages/my_bot)
[14.791s] DEBUG:colcon.colcon_parallel_executor.executor.parallel:closing loop
[14.792s] DEBUG:colcon.colcon_parallel_executor.executor.parallel:loop closed
[14.792s] DEBUG:colcon.colcon_parallel_executor.executor.parallel:run_until_complete finished with '0'
[14.793s] DEBUG:colcon.colcon_core.event_reactor:joining thread
[14.894s] INFO:colcon.colcon_core.plugin_system:Skipping extension 'colcon_notification.desktop_notification.terminal_notifier': Not used on non-Darwin systems
[14.894s] INFO:colcon.colcon_core.plugin_system:Skipping extension 'colcon_notification.desktop_notification.win32': Not used on non-Windows systems
[14.895s] INFO:colcon.colcon_notification.desktop_notification:Sending desktop notification using 'notify2'
[14.999s] DEBUG:colcon.colcon_core.event_reactor:joined thread
[15.117s] INFO:colcon.colcon_core.shell:Creating prefix script '/home/andrea/dev_ws/install/local_setup.ps1'
[15.123s] INFO:colcon.colcon_core.shell:Creating prefix util module '/home/andrea/dev_ws/install/_local_setup_util_ps1.py'
[15.130s] INFO:colcon.colcon_core.shell:Creating prefix chain script '/home/andrea/dev_ws/install/setup.ps1'
[15.249s] INFO:colcon.colcon_core.shell:Creating prefix script '/home/andrea/dev_ws/install/local_setup.sh'
[15.252s] INFO:colcon.colcon_core.shell:Creating prefix util module '/home/andrea/dev_ws/install/_local_setup_util_sh.py'
[15.254s] INFO:colcon.colcon_core.shell:Creating prefix chain script '/home/andrea/dev_ws/install/setup.sh'
[15.327s] INFO:colcon.colcon_core.shell:Creating prefix script '/home/andrea/dev_ws/install/local_setup.bash'
[15.330s] INFO:colcon.colcon_core.shell:Creating prefix chain script '/home/andrea/dev_ws/install/setup.bash'
[15.404s] INFO:colcon.colcon_core.shell:Creating prefix script '/home/andrea/dev_ws/install/local_setup.zsh'
[15.407s] INFO:colcon.colcon_core.shell:Creating prefix chain script '/home/andrea/dev_ws/install/setup.zsh'
