[0.361s] Invoking command in '/home/andrea/dev_ws/build/my_bot': CMAKE_PREFIX_PATH=${CMAKE_PREFIX_PATH}:/opt/ros/humble /usr/bin/cmake --build /home/andrea/dev_ws/build/my_bot -- -j4 -l4
[0.512s] Invoked command in '/home/andrea/dev_ws/build/my_bot' returned '0': CMAKE_PREFIX_PATH=${CMAKE_PREFIX_PATH}:/opt/ros/humble /usr/bin/cmake --build /home/andrea/dev_ws/build/my_bot -- -j4 -l4
[0.667s] Invoking command in '/home/andrea/dev_ws/build/my_bot': CMAKE_PREFIX_PATH=${CMAKE_PREFIX_PATH}:/opt/ros/humble /usr/bin/cmake --install /home/andrea/dev_ws/build/my_bot
[0.692s] -- Install configuration: ""
[0.694s] -- Execute custom install script
[0.696s] -- Up-to-date symlink: /home/andrea/dev_ws/install/my_bot/share/my_bot/config/empty.yaml
[0.697s] -- Up-to-date symlink: /home/andrea/dev_ws/install/my_bot/share/my_bot/description/gazebo_control.xacro
[0.698s] -- Up-to-date symlink: /home/andrea/dev_ws/install/my_bot/share/my_bot/description/inertial_macros.xacro
[0.699s] -- Up-to-date symlink: /home/andrea/dev_ws/install/my_bot/share/my_bot/description/robot.urdf.xacro
[0.699s] -- Up-to-date symlink: /home/andrea/dev_ws/install/my_bot/share/my_bot/description/robot_core.xacro
[0.701s] -- Up-to-date symlink: /home/andrea/dev_ws/install/my_bot/share/my_bot/launch/launch_sim.launch.py
[0.701s] -- Up-to-date symlink: /home/andrea/dev_ws/install/my_bot/share/my_bot/launch/rsp.launch.py
[0.703s] -- Up-to-date symlink: /home/andrea/dev_ws/install/my_bot/share/my_bot/worlds/empty.world
[0.704s] -- Up-to-date symlink: /home/andrea/dev_ws/install/my_bot/share/ament_index/resource_index/package_run_dependencies/my_bot
[0.705s] -- Up-to-date symlink: /home/andrea/dev_ws/install/my_bot/share/ament_index/resource_index/parent_prefix_path/my_bot
[0.706s] -- Up-to-date symlink: /home/andrea/dev_ws/install/my_bot/share/my_bot/environment/ament_prefix_path.sh
[0.707s] -- Up-to-date symlink: /home/andrea/dev_ws/install/my_bot/share/my_bot/environment/ament_prefix_path.dsv
[0.708s] -- Up-to-date symlink: /home/andrea/dev_ws/install/my_bot/share/my_bot/environment/path.sh
[0.708s] -- Up-to-date symlink: /home/andrea/dev_ws/install/my_bot/share/my_bot/environment/path.dsv
[0.709s] -- Up-to-date symlink: /home/andrea/dev_ws/install/my_bot/share/my_bot/local_setup.bash
[0.710s] -- Up-to-date symlink: /home/andrea/dev_ws/install/my_bot/share/my_bot/local_setup.sh
[0.711s] -- Up-to-date symlink: /home/andrea/dev_ws/install/my_bot/share/my_bot/local_setup.zsh
[0.712s] -- Up-to-date symlink: /home/andrea/dev_ws/install/my_bot/share/my_bot/local_setup.dsv
[0.713s] -- Symlinking: /home/andrea/dev_ws/install/my_bot/share/my_bot/package.dsv
[0.747s] -- Up-to-date symlink: /home/andrea/dev_ws/install/my_bot/share/ament_index/resource_index/packages/my_bot
[0.747s] -- Up-to-date symlink: /home/andrea/dev_ws/install/my_bot/share/my_bot/cmake/my_botConfig.cmake
[0.748s] -- Up-to-date symlink: /home/andrea/dev_ws/install/my_bot/share/my_bot/cmake/my_botConfig-version.cmake
[0.749s] -- Up-to-date symlink: /home/andrea/dev_ws/install/my_bot/share/my_bot/package.xml
[0.755s] Invoked command in '/home/andrea/dev_ws/build/my_bot' returned '0': CMAKE_PREFIX_PATH=${CMAKE_PREFIX_PATH}:/opt/ros/humble /usr/bin/cmake --install /home/andrea/dev_ws/build/my_bot
